2017-07-17 12:48:28,611 [Worker-67] INFO  o.e.m.c.i.l.LifecycleMappingFactory - Using org.eclipse.m2e.jdt.JarLifecycleMapping lifecycle mapping for MavenProject: n:b:0.0.1-SNAPSHOT @ D:\muthuraj\workspace2\b\pom.xml.
2017-07-17 12:48:33,336 [Worker-67] INFO  o.e.m.j.i.AbstractJavaProjectConfigurator - Adding source folder /b/src/main/java
2017-07-17 12:48:33,341 [Worker-67] INFO  o.e.m.j.i.AbstractJavaProjectConfigurator - Adding resource folder /b/src/main/resources
2017-07-17 12:48:33,344 [Worker-67] INFO  o.e.m.j.i.AbstractJavaProjectConfigurator - Adding source folder /b/src/test/java
2017-07-17 12:48:33,345 [Worker-67] INFO  o.e.m.j.i.AbstractJavaProjectConfigurator - Adding resource folder /b/src/test/resources
2017-07-17 12:48:34,589 [Worker-67] WARN  o.e.m.c.i.embedder.EclipseLogger - Using platform encoding (Cp1252 actually) to copy filtered resources, i.e. build is platform dependent!
2017-07-17 12:48:34,683 [Worker-67] INFO  o.e.m.c.i.embedder.EclipseLogger - Copying 0 resource
2017-07-17 12:48:34,688 [Worker-67] WARN  o.e.m.c.i.embedder.EclipseLogger - Using platform encoding (Cp1252 actually) to copy filtered resources, i.e. build is platform dependent!
2017-07-17 12:48:34,699 [Worker-67] INFO  o.e.m.c.i.embedder.EclipseLogger - Copying 0 resource
2017-07-17 12:49:22,739 [Worker-68] INFO  o.e.m.c.i.l.LifecycleMappingFactory - Using org.eclipse.m2e.jdt.JarLifecycleMapping lifecycle mapping for MavenProject: n:b:0.0.1-SNAPSHOT @ D:\muthuraj\workspace2\b\pom.xml.
2017-07-17 12:49:25,386 [Worker-68] WARN  o.e.m.c.i.embedder.EclipseLogger - Using platform encoding (Cp1252 actually) to copy filtered resources, i.e. build is platform dependent!
2017-07-17 12:49:25,405 [Worker-68] INFO  o.e.m.c.i.embedder.EclipseLogger - Copying 0 resource
2017-07-17 12:49:25,414 [Worker-68] WARN  o.e.m.c.i.embedder.EclipseLogger - Using platform encoding (Cp1252 actually) to copy filtered resources, i.e. build is platform dependent!
2017-07-17 12:49:25,421 [Worker-68] INFO  o.e.m.c.i.embedder.EclipseLogger - Copying 0 resource
2017-07-17 12:49:28,926 [Worker-63] WARN  o.e.m.c.i.embedder.EclipseLogger - Using platform encoding (Cp1252 actually) to copy filtered resources, i.e. build is platform dependent!
2017-07-17 12:49:28,938 [Worker-63] INFO  o.e.m.c.i.embedder.EclipseLogger - Copying 0 resource
2017-07-17 12:49:28,941 [Worker-63] WARN  o.e.m.c.i.embedder.EclipseLogger - Using platform encoding (Cp1252 actually) to copy filtered resources, i.e. build is platform dependent!
2017-07-17 12:49:28,945 [Worker-63] INFO  o.e.m.c.i.embedder.EclipseLogger - Copying 0 resource
2017-07-17 12:49:51,990 [Worker-63] WARN  o.e.m.c.i.embedder.EclipseLogger - Using platform encoding (Cp1252 actually) to copy filtered resources, i.e. build is platform dependent!
2017-07-17 12:49:52,015 [Worker-63] INFO  o.e.m.c.i.embedder.EclipseLogger - Copying 0 resource
2017-07-17 12:49:52,018 [Worker-63] WARN  o.e.m.c.i.embedder.EclipseLogger - Using platform encoding (Cp1252 actually) to copy filtered resources, i.e. build is platform dependent!
2017-07-17 12:49:52,022 [Worker-63] INFO  o.e.m.c.i.embedder.EclipseLogger - Copying 0 resource
2017-07-17 12:50:11,020 [Worker-67] WARN  o.e.m.c.i.embedder.EclipseLogger - Using platform encoding (Cp1252 actually) to copy filtered resources, i.e. build is platform dependent!
2017-07-17 12:50:11,026 [Worker-67] INFO  o.e.m.c.i.embedder.EclipseLogger - Copying 0 resource
2017-07-17 12:50:11,039 [Worker-67] WARN  o.e.m.c.i.embedder.EclipseLogger - Using platform encoding (Cp1252 actually) to copy filtered resources, i.e. build is platform dependent!
2017-07-17 12:50:11,042 [Worker-67] INFO  o.e.m.c.i.embedder.EclipseLogger - Copying 0 resource
2017-07-17 12:50:31,541 [Worker-68] WARN  o.e.m.c.i.embedder.EclipseLogger - Using platform encoding (Cp1252 actually) to copy filtered resources, i.e. build is platform dependent!
2017-07-17 12:50:31,545 [Worker-68] INFO  o.e.m.c.i.embedder.EclipseLogger - Copying 0 resource
2017-07-17 12:50:31,548 [Worker-68] WARN  o.e.m.c.i.embedder.EclipseLogger - Using platform encoding (Cp1252 actually) to copy filtered resources, i.e. build is platform dependent!
2017-07-17 12:50:31,551 [Worker-68] INFO  o.e.m.c.i.embedder.EclipseLogger - Copying 0 resource
2017-07-17 12:51:18,748 [Worker-68] WARN  o.e.m.c.i.embedder.EclipseLogger - Using platform encoding (Cp1252 actually) to copy filtered resources, i.e. build is platform dependent!
2017-07-17 12:51:18,752 [Worker-68] INFO  o.e.m.c.i.embedder.EclipseLogger - Copying 0 resource
2017-07-17 12:51:18,755 [Worker-68] WARN  o.e.m.c.i.embedder.EclipseLogger - Using platform encoding (Cp1252 actually) to copy filtered resources, i.e. build is platform dependent!
2017-07-17 12:51:18,757 [Worker-68] INFO  o.e.m.c.i.embedder.EclipseLogger - Copying 0 resource
2017-07-17 12:51:40,487 [Worker-65] WARN  o.e.m.c.i.embedder.EclipseLogger - Using platform encoding (Cp1252 actually) to copy filtered resources, i.e. build is platform dependent!
2017-07-17 12:51:40,491 [Worker-65] INFO  o.e.m.c.i.embedder.EclipseLogger - Copying 0 resource
2017-07-17 12:51:40,497 [Worker-65] WARN  o.e.m.c.i.embedder.EclipseLogger - Using platform encoding (Cp1252 actually) to copy filtered resources, i.e. build is platform dependent!
2017-07-17 12:51:40,500 [Worker-65] INFO  o.e.m.c.i.embedder.EclipseLogger - Copying 0 resource
2017-07-17 14:32:43,490 [Worker-79] WARN  o.e.m.c.i.embedder.EclipseLogger - Using platform encoding (Cp1252 actually) to copy filtered resources, i.e. build is platform dependent!
2017-07-17 14:32:43,514 [Worker-79] INFO  o.e.m.c.i.embedder.EclipseLogger - Copying 0 resource
2017-07-17 14:32:43,517 [Worker-79] WARN  o.e.m.c.i.embedder.EclipseLogger - Using platform encoding (Cp1252 actually) to copy filtered resources, i.e. build is platform dependent!
2017-07-17 14:32:43,527 [Worker-79] INFO  o.e.m.c.i.embedder.EclipseLogger - Copying 0 resource
2017-07-17 14:41:08,336 [Worker-81] WARN  o.e.m.c.i.embedder.EclipseLogger - Using platform encoding (Cp1252 actually) to copy filtered resources, i.e. build is platform dependent!
2017-07-17 14:41:08,340 [Worker-81] INFO  o.e.m.c.i.embedder.EclipseLogger - Copying 0 resource
2017-07-17 14:41:08,346 [Worker-81] WARN  o.e.m.c.i.embedder.EclipseLogger - Using platform encoding (Cp1252 actually) to copy filtered resources, i.e. build is platform dependent!
2017-07-17 14:41:08,349 [Worker-81] INFO  o.e.m.c.i.embedder.EclipseLogger - Copying 0 resource
2017-07-17 14:54:05,670 [Worker-92] WARN  o.e.m.c.i.embedder.EclipseLogger - Using platform encoding (Cp1252 actually) to copy filtered resources, i.e. build is platform dependent!
2017-07-17 14:54:05,676 [Worker-92] INFO  o.e.m.c.i.embedder.EclipseLogger - Copying 0 resource
2017-07-17 14:54:05,680 [Worker-92] WARN  o.e.m.c.i.embedder.EclipseLogger - Using platform encoding (Cp1252 actually) to copy filtered resources, i.e. build is platform dependent!
2017-07-17 14:54:05,685 [Worker-92] INFO  o.e.m.c.i.embedder.EclipseLogger - Copying 0 resource
2017-07-17 15:31:17,098 [Worker-99] WARN  o.e.m.c.i.embedder.EclipseLogger - Using platform encoding (Cp1252 actually) to copy filtered resources, i.e. build is platform dependent!
2017-07-17 15:31:17,104 [Worker-99] INFO  o.e.m.c.i.embedder.EclipseLogger - Copying 0 resource
2017-07-17 15:31:17,107 [Worker-99] WARN  o.e.m.c.i.embedder.EclipseLogger - Using platform encoding (Cp1252 actually) to copy filtered resources, i.e. build is platform dependent!
2017-07-17 15:31:17,110 [Worker-99] INFO  o.e.m.c.i.embedder.EclipseLogger - Copying 0 resource
2017-07-17 15:33:13,782 [Worker-100] WARN  o.e.m.c.i.embedder.EclipseLogger - Using platform encoding (Cp1252 actually) to copy filtered resources, i.e. build is platform dependent!
2017-07-17 15:33:13,786 [Worker-100] INFO  o.e.m.c.i.embedder.EclipseLogger - Copying 0 resource
2017-07-17 15:33:13,790 [Worker-100] WARN  o.e.m.c.i.embedder.EclipseLogger - Using platform encoding (Cp1252 actually) to copy filtered resources, i.e. build is platform dependent!
2017-07-17 15:33:13,793 [Worker-100] INFO  o.e.m.c.i.embedder.EclipseLogger - Copying 0 resource
2017-07-17 15:34:01,816 [Worker-102] WARN  o.e.m.c.i.embedder.EclipseLogger - Using platform encoding (Cp1252 actually) to copy filtered resources, i.e. build is platform dependent!
2017-07-17 15:34:01,820 [Worker-102] INFO  o.e.m.c.i.embedder.EclipseLogger - Copying 0 resource
2017-07-17 15:34:01,823 [Worker-102] WARN  o.e.m.c.i.embedder.EclipseLogger - Using platform encoding (Cp1252 actually) to copy filtered resources, i.e. build is platform dependent!
2017-07-17 15:34:01,826 [Worker-102] INFO  o.e.m.c.i.embedder.EclipseLogger - Copying 0 resource
2017-07-17 15:34:22,038 [Worker-99] WARN  o.e.m.c.i.embedder.EclipseLogger - Using platform encoding (Cp1252 actually) to copy filtered resources, i.e. build is platform dependent!
2017-07-17 15:34:22,042 [Worker-99] INFO  o.e.m.c.i.embedder.EclipseLogger - Copying 0 resource
2017-07-17 15:34:22,044 [Worker-99] WARN  o.e.m.c.i.embedder.EclipseLogger - Using platform encoding (Cp1252 actually) to copy filtered resources, i.e. build is platform dependent!
2017-07-17 15:34:22,047 [Worker-99] INFO  o.e.m.c.i.embedder.EclipseLogger - Copying 0 resource
2017-07-17 15:35:53,567 [Worker-99] WARN  o.e.m.c.i.embedder.EclipseLogger - Using platform encoding (Cp1252 actually) to copy filtered resources, i.e. build is platform dependent!
2017-07-17 15:35:53,571 [Worker-99] INFO  o.e.m.c.i.embedder.EclipseLogger - Copying 0 resource
2017-07-17 15:35:53,573 [Worker-99] WARN  o.e.m.c.i.embedder.EclipseLogger - Using platform encoding (Cp1252 actually) to copy filtered resources, i.e. build is platform dependent!
2017-07-17 15:35:53,576 [Worker-99] INFO  o.e.m.c.i.embedder.EclipseLogger - Copying 0 resource
2017-07-17 15:36:46,964 [Worker-91] WARN  o.e.m.c.i.embedder.EclipseLogger - Using platform encoding (Cp1252 actually) to copy filtered resources, i.e. build is platform dependent!
2017-07-17 15:36:46,968 [Worker-91] INFO  o.e.m.c.i.embedder.EclipseLogger - Copying 0 resource
2017-07-17 15:36:46,970 [Worker-91] WARN  o.e.m.c.i.embedder.EclipseLogger - Using platform encoding (Cp1252 actually) to copy filtered resources, i.e. build is platform dependent!
2017-07-17 15:36:46,973 [Worker-91] INFO  o.e.m.c.i.embedder.EclipseLogger - Copying 0 resource
2017-07-17 15:38:01,993 [Worker-103] WARN  o.e.m.c.i.embedder.EclipseLogger - Using platform encoding (Cp1252 actually) to copy filtered resources, i.e. build is platform dependent!
2017-07-17 15:38:01,996 [Worker-103] INFO  o.e.m.c.i.embedder.EclipseLogger - Copying 0 resource
2017-07-17 15:38:01,998 [Worker-103] WARN  o.e.m.c.i.embedder.EclipseLogger - Using platform encoding (Cp1252 actually) to copy filtered resources, i.e. build is platform dependent!
2017-07-17 15:38:02,001 [Worker-103] INFO  o.e.m.c.i.embedder.EclipseLogger - Copying 0 resource
2017-07-17 15:39:25,772 [Worker-101] WARN  o.e.m.c.i.embedder.EclipseLogger - Using platform encoding (Cp1252 actually) to copy filtered resources, i.e. build is platform dependent!
2017-07-17 15:39:25,775 [Worker-101] INFO  o.e.m.c.i.embedder.EclipseLogger - Copying 0 resource
2017-07-17 15:39:25,780 [Worker-101] WARN  o.e.m.c.i.embedder.EclipseLogger - Using platform encoding (Cp1252 actually) to copy filtered resources, i.e. build is platform dependent!
2017-07-17 15:39:25,782 [Worker-101] INFO  o.e.m.c.i.embedder.EclipseLogger - Copying 0 resource
2017-07-17 15:40:29,281 [Worker-100] WARN  o.e.m.c.i.embedder.EclipseLogger - Using platform encoding (Cp1252 actually) to copy filtered resources, i.e. build is platform dependent!
2017-07-17 15:40:29,285 [Worker-100] INFO  o.e.m.c.i.embedder.EclipseLogger - Copying 0 resource
2017-07-17 15:40:29,288 [Worker-100] WARN  o.e.m.c.i.embedder.EclipseLogger - Using platform encoding (Cp1252 actually) to copy filtered resources, i.e. build is platform dependent!
2017-07-17 15:40:29,291 [Worker-100] INFO  o.e.m.c.i.embedder.EclipseLogger - Copying 0 resource
2017-07-17 15:40:45,716 [Worker-99] WARN  o.e.m.c.i.embedder.EclipseLogger - Using platform encoding (Cp1252 actually) to copy filtered resources, i.e. build is platform dependent!
2017-07-17 15:40:45,719 [Worker-99] INFO  o.e.m.c.i.embedder.EclipseLogger - Copying 0 resource
2017-07-17 15:40:45,721 [Worker-99] WARN  o.e.m.c.i.embedder.EclipseLogger - Using platform encoding (Cp1252 actually) to copy filtered resources, i.e. build is platform dependent!
2017-07-17 15:40:45,723 [Worker-99] INFO  o.e.m.c.i.embedder.EclipseLogger - Copying 0 resource
2017-07-17 15:41:37,494 [Worker-100] WARN  o.e.m.c.i.embedder.EclipseLogger - Using platform encoding (Cp1252 actually) to copy filtered resources, i.e. build is platform dependent!
2017-07-17 15:41:37,498 [Worker-100] INFO  o.e.m.c.i.embedder.EclipseLogger - Copying 0 resource
2017-07-17 15:41:37,500 [Worker-100] WARN  o.e.m.c.i.embedder.EclipseLogger - Using platform encoding (Cp1252 actually) to copy filtered resources, i.e. build is platform dependent!
2017-07-17 15:41:37,503 [Worker-100] INFO  o.e.m.c.i.embedder.EclipseLogger - Copying 0 resource
2017-07-17 15:46:49,082 [Worker-102] WARN  o.e.m.c.i.embedder.EclipseLogger - Using platform encoding (Cp1252 actually) to copy filtered resources, i.e. build is platform dependent!
2017-07-17 15:46:49,091 [Worker-102] INFO  o.e.m.c.i.embedder.EclipseLogger - Copying 0 resource
2017-07-17 15:46:49,093 [Worker-102] WARN  o.e.m.c.i.embedder.EclipseLogger - Using platform encoding (Cp1252 actually) to copy filtered resources, i.e. build is platform dependent!
2017-07-17 15:46:49,095 [Worker-102] INFO  o.e.m.c.i.embedder.EclipseLogger - Copying 0 resource
2017-07-17 15:47:27,532 [Worker-104] WARN  o.e.m.c.i.embedder.EclipseLogger - Using platform encoding (Cp1252 actually) to copy filtered resources, i.e. build is platform dependent!
2017-07-17 15:47:27,536 [Worker-104] INFO  o.e.m.c.i.embedder.EclipseLogger - Copying 0 resource
2017-07-17 15:47:27,538 [Worker-104] WARN  o.e.m.c.i.embedder.EclipseLogger - Using platform encoding (Cp1252 actually) to copy filtered resources, i.e. build is platform dependent!
2017-07-17 15:47:27,541 [Worker-104] INFO  o.e.m.c.i.embedder.EclipseLogger - Copying 0 resource
2017-07-17 15:49:47,252 [Worker-105] WARN  o.e.m.c.i.embedder.EclipseLogger - Using platform encoding (Cp1252 actually) to copy filtered resources, i.e. build is platform dependent!
2017-07-17 15:49:47,257 [Worker-105] INFO  o.e.m.c.i.embedder.EclipseLogger - Copying 0 resource
2017-07-17 15:49:47,269 [Worker-105] WARN  o.e.m.c.i.embedder.EclipseLogger - Using platform encoding (Cp1252 actually) to copy filtered resources, i.e. build is platform dependent!
2017-07-17 15:49:47,273 [Worker-105] INFO  o.e.m.c.i.embedder.EclipseLogger - Copying 0 resource
2017-07-17 15:51:01,144 [Worker-100] WARN  o.e.m.c.i.embedder.EclipseLogger - Using platform encoding (Cp1252 actually) to copy filtered resources, i.e. build is platform dependent!
2017-07-17 15:51:01,148 [Worker-100] INFO  o.e.m.c.i.embedder.EclipseLogger - Copying 0 resource
2017-07-17 15:51:01,151 [Worker-100] WARN  o.e.m.c.i.embedder.EclipseLogger - Using platform encoding (Cp1252 actually) to copy filtered resources, i.e. build is platform dependent!
2017-07-17 15:51:01,155 [Worker-100] INFO  o.e.m.c.i.embedder.EclipseLogger - Copying 0 resource
2017-07-17 15:52:04,285 [Worker-107] WARN  o.e.m.c.i.embedder.EclipseLogger - Using platform encoding (Cp1252 actually) to copy filtered resources, i.e. build is platform dependent!
2017-07-17 15:52:04,288 [Worker-107] INFO  o.e.m.c.i.embedder.EclipseLogger - Copying 0 resource
2017-07-17 15:52:04,297 [Worker-107] WARN  o.e.m.c.i.embedder.EclipseLogger - Using platform encoding (Cp1252 actually) to copy filtered resources, i.e. build is platform dependent!
2017-07-17 15:52:04,299 [Worker-107] INFO  o.e.m.c.i.embedder.EclipseLogger - Copying 0 resource
2017-07-17 15:55:35,913 [Worker-105] WARN  o.e.m.c.i.embedder.EclipseLogger - Using platform encoding (Cp1252 actually) to copy filtered resources, i.e. build is platform dependent!
2017-07-17 15:55:35,916 [Worker-105] INFO  o.e.m.c.i.embedder.EclipseLogger - Copying 0 resource
2017-07-17 15:55:35,935 [Worker-105] WARN  o.e.m.c.i.embedder.EclipseLogger - Using platform encoding (Cp1252 actually) to copy filtered resources, i.e. build is platform dependent!
2017-07-17 15:55:35,937 [Worker-105] INFO  o.e.m.c.i.embedder.EclipseLogger - Copying 0 resource
2017-07-17 15:57:03,483 [Worker-104] WARN  o.e.m.c.i.embedder.EclipseLogger - Using platform encoding (Cp1252 actually) to copy filtered resources, i.e. build is platform dependent!
2017-07-17 15:57:03,487 [Worker-104] INFO  o.e.m.c.i.embedder.EclipseLogger - Copying 0 resource
2017-07-17 15:57:03,492 [Worker-104] WARN  o.e.m.c.i.embedder.EclipseLogger - Using platform encoding (Cp1252 actually) to copy filtered resources, i.e. build is platform dependent!
2017-07-17 15:57:03,495 [Worker-104] INFO  o.e.m.c.i.embedder.EclipseLogger - Copying 0 resource
2017-07-17 16:00:27,280 [Worker-108] WARN  o.e.m.c.i.embedder.EclipseLogger - Using platform encoding (Cp1252 actually) to copy filtered resources, i.e. build is platform dependent!
2017-07-17 16:00:27,284 [Worker-108] INFO  o.e.m.c.i.embedder.EclipseLogger - Copying 0 resource
2017-07-17 16:00:27,287 [Worker-108] WARN  o.e.m.c.i.embedder.EclipseLogger - Using platform encoding (Cp1252 actually) to copy filtered resources, i.e. build is platform dependent!
2017-07-17 16:00:27,292 [Worker-108] INFO  o.e.m.c.i.embedder.EclipseLogger - Copying 0 resource
2017-07-17 16:01:06,279 [Worker-110] WARN  o.e.m.c.i.embedder.EclipseLogger - Using platform encoding (Cp1252 actually) to copy filtered resources, i.e. build is platform dependent!
2017-07-17 16:01:06,282 [Worker-110] INFO  o.e.m.c.i.embedder.EclipseLogger - Copying 0 resource
2017-07-17 16:01:06,284 [Worker-110] WARN  o.e.m.c.i.embedder.EclipseLogger - Using platform encoding (Cp1252 actually) to copy filtered resources, i.e. build is platform dependent!
2017-07-17 16:01:06,287 [Worker-110] INFO  o.e.m.c.i.embedder.EclipseLogger - Copying 0 resource
2017-07-17 16:02:11,926 [Worker-104] WARN  o.e.m.c.i.embedder.EclipseLogger - Using platform encoding (Cp1252 actually) to copy filtered resources, i.e. build is platform dependent!
2017-07-17 16:02:11,929 [Worker-104] INFO  o.e.m.c.i.embedder.EclipseLogger - Copying 0 resource
2017-07-17 16:02:11,931 [Worker-104] WARN  o.e.m.c.i.embedder.EclipseLogger - Using platform encoding (Cp1252 actually) to copy filtered resources, i.e. build is platform dependent!
2017-07-17 16:02:11,933 [Worker-104] INFO  o.e.m.c.i.embedder.EclipseLogger - Copying 0 resource
2017-07-17 16:03:25,478 [Worker-109] WARN  o.e.m.c.i.embedder.EclipseLogger - Using platform encoding (Cp1252 actually) to copy filtered resources, i.e. build is platform dependent!
2017-07-17 16:03:25,481 [Worker-109] INFO  o.e.m.c.i.embedder.EclipseLogger - Copying 0 resource
2017-07-17 16:03:25,486 [Worker-109] WARN  o.e.m.c.i.embedder.EclipseLogger - Using platform encoding (Cp1252 actually) to copy filtered resources, i.e. build is platform dependent!
2017-07-17 16:03:25,488 [Worker-109] INFO  o.e.m.c.i.embedder.EclipseLogger - Copying 0 resource
2017-07-17 16:08:15,445 [Worker-103] WARN  o.e.m.c.i.embedder.EclipseLogger - Using platform encoding (Cp1252 actually) to copy filtered resources, i.e. build is platform dependent!
2017-07-17 16:08:15,486 [Worker-103] INFO  o.e.m.c.i.embedder.EclipseLogger - Copying 0 resource
2017-07-17 16:08:15,490 [Worker-103] WARN  o.e.m.c.i.embedder.EclipseLogger - Using platform encoding (Cp1252 actually) to copy filtered resources, i.e. build is platform dependent!
2017-07-17 16:08:15,506 [Worker-103] INFO  o.e.m.c.i.embedder.EclipseLogger - Copying 0 resource
2017-07-17 16:36:26,509 [Worker-119] WARN  o.e.m.c.i.embedder.EclipseLogger - Using platform encoding (Cp1252 actually) to copy filtered resources, i.e. build is platform dependent!
2017-07-17 16:36:26,560 [Worker-119] INFO  o.e.m.c.i.embedder.EclipseLogger - Copying 0 resource
2017-07-17 16:36:26,563 [Worker-119] WARN  o.e.m.c.i.embedder.EclipseLogger - Using platform encoding (Cp1252 actually) to copy filtered resources, i.e. build is platform dependent!
2017-07-17 16:36:26,565 [Worker-119] INFO  o.e.m.c.i.embedder.EclipseLogger - Copying 0 resource
2017-07-17 16:39:44,080 [Worker-103] WARN  o.e.m.c.i.embedder.EclipseLogger - Using platform encoding (Cp1252 actually) to copy filtered resources, i.e. build is platform dependent!
2017-07-17 16:39:44,119 [Worker-103] INFO  o.e.m.c.i.embedder.EclipseLogger - Copying 0 resource
2017-07-17 16:39:44,120 [Worker-103] WARN  o.e.m.c.i.embedder.EclipseLogger - Using platform encoding (Cp1252 actually) to copy filtered resources, i.e. build is platform dependent!
2017-07-17 16:39:44,123 [Worker-103] INFO  o.e.m.c.i.embedder.EclipseLogger - Copying 0 resource
2017-07-17 16:39:51,125 [Worker-121] WARN  o.e.m.c.i.embedder.EclipseLogger - Using platform encoding (Cp1252 actually) to copy filtered resources, i.e. build is platform dependent!
2017-07-17 16:39:51,127 [Worker-121] INFO  o.e.m.c.i.embedder.EclipseLogger - Copying 0 resource
2017-07-17 16:39:51,130 [Worker-121] WARN  o.e.m.c.i.embedder.EclipseLogger - Using platform encoding (Cp1252 actually) to copy filtered resources, i.e. build is platform dependent!
2017-07-17 16:39:51,133 [Worker-121] INFO  o.e.m.c.i.embedder.EclipseLogger - Copying 0 resource
2017-07-17 16:42:23,721 [Worker-103] WARN  o.e.m.c.i.embedder.EclipseLogger - Using platform encoding (Cp1252 actually) to copy filtered resources, i.e. build is platform dependent!
2017-07-17 16:42:23,725 [Worker-103] INFO  o.e.m.c.i.embedder.EclipseLogger - Copying 0 resource
2017-07-17 16:42:23,728 [Worker-103] WARN  o.e.m.c.i.embedder.EclipseLogger - Using platform encoding (Cp1252 actually) to copy filtered resources, i.e. build is platform dependent!
2017-07-17 16:42:23,732 [Worker-103] INFO  o.e.m.c.i.embedder.EclipseLogger - Copying 0 resource
2017-07-17 16:43:16,992 [Worker-120] WARN  o.e.m.c.i.embedder.EclipseLogger - Using platform encoding (Cp1252 actually) to copy filtered resources, i.e. build is platform dependent!
2017-07-17 16:43:16,996 [Worker-120] INFO  o.e.m.c.i.embedder.EclipseLogger - Copying 0 resource
2017-07-17 16:43:17,000 [Worker-120] WARN  o.e.m.c.i.embedder.EclipseLogger - Using platform encoding (Cp1252 actually) to copy filtered resources, i.e. build is platform dependent!
2017-07-17 16:43:17,004 [Worker-120] INFO  o.e.m.c.i.embedder.EclipseLogger - Copying 0 resource
2017-07-17 16:43:37,726 [Worker-120] WARN  o.e.m.c.i.embedder.EclipseLogger - Using platform encoding (Cp1252 actually) to copy filtered resources, i.e. build is platform dependent!
2017-07-17 16:43:37,729 [Worker-120] INFO  o.e.m.c.i.embedder.EclipseLogger - Copying 0 resource
2017-07-17 16:43:37,731 [Worker-120] WARN  o.e.m.c.i.embedder.EclipseLogger - Using platform encoding (Cp1252 actually) to copy filtered resources, i.e. build is platform dependent!
2017-07-17 16:43:37,734 [Worker-120] INFO  o.e.m.c.i.embedder.EclipseLogger - Copying 0 resource
2017-07-17 16:44:31,599 [Worker-103] WARN  o.e.m.c.i.embedder.EclipseLogger - Using platform encoding (Cp1252 actually) to copy filtered resources, i.e. build is platform dependent!
2017-07-17 16:44:31,603 [Worker-103] INFO  o.e.m.c.i.embedder.EclipseLogger - Copying 0 resource
2017-07-17 16:44:31,605 [Worker-103] WARN  o.e.m.c.i.embedder.EclipseLogger - Using platform encoding (Cp1252 actually) to copy filtered resources, i.e. build is platform dependent!
2017-07-17 16:44:31,608 [Worker-103] INFO  o.e.m.c.i.embedder.EclipseLogger - Copying 0 resource
2017-07-17 16:46:31,417 [Worker-120] WARN  o.e.m.c.i.embedder.EclipseLogger - Using platform encoding (Cp1252 actually) to copy filtered resources, i.e. build is platform dependent!
2017-07-17 16:46:31,421 [Worker-120] INFO  o.e.m.c.i.embedder.EclipseLogger - Copying 0 resource
2017-07-17 16:46:31,426 [Worker-120] WARN  o.e.m.c.i.embedder.EclipseLogger - Using platform encoding (Cp1252 actually) to copy filtered resources, i.e. build is platform dependent!
2017-07-17 16:46:31,429 [Worker-120] INFO  o.e.m.c.i.embedder.EclipseLogger - Copying 0 resource
2017-07-17 16:46:49,454 [Worker-103] WARN  o.e.m.c.i.embedder.EclipseLogger - Using platform encoding (Cp1252 actually) to copy filtered resources, i.e. build is platform dependent!
2017-07-17 16:46:49,457 [Worker-103] INFO  o.e.m.c.i.embedder.EclipseLogger - Copying 0 resource
2017-07-17 16:46:49,459 [Worker-103] WARN  o.e.m.c.i.embedder.EclipseLogger - Using platform encoding (Cp1252 actually) to copy filtered resources, i.e. build is platform dependent!
2017-07-17 16:46:49,462 [Worker-103] INFO  o.e.m.c.i.embedder.EclipseLogger - Copying 0 resource
2017-07-17 16:50:22,864 [Worker-120] WARN  o.e.m.c.i.embedder.EclipseLogger - Using platform encoding (Cp1252 actually) to copy filtered resources, i.e. build is platform dependent!
2017-07-17 16:50:22,867 [Worker-120] INFO  o.e.m.c.i.embedder.EclipseLogger - Copying 0 resource
2017-07-17 16:50:22,869 [Worker-120] WARN  o.e.m.c.i.embedder.EclipseLogger - Using platform encoding (Cp1252 actually) to copy filtered resources, i.e. build is platform dependent!
2017-07-17 16:50:22,871 [Worker-120] INFO  o.e.m.c.i.embedder.EclipseLogger - Copying 0 resource
2017-07-17 16:50:29,105 [Worker-122] WARN  o.e.m.c.i.embedder.EclipseLogger - Using platform encoding (Cp1252 actually) to copy filtered resources, i.e. build is platform dependent!
2017-07-17 16:50:29,108 [Worker-122] INFO  o.e.m.c.i.embedder.EclipseLogger - Copying 0 resource
2017-07-17 16:50:29,111 [Worker-122] WARN  o.e.m.c.i.embedder.EclipseLogger - Using platform encoding (Cp1252 actually) to copy filtered resources, i.e. build is platform dependent!
2017-07-17 16:50:29,114 [Worker-122] INFO  o.e.m.c.i.embedder.EclipseLogger - Copying 0 resource
2017-07-17 16:50:48,183 [Worker-122] WARN  o.e.m.c.i.embedder.EclipseLogger - Using platform encoding (Cp1252 actually) to copy filtered resources, i.e. build is platform dependent!
2017-07-17 16:50:48,186 [Worker-122] INFO  o.e.m.c.i.embedder.EclipseLogger - Copying 0 resource
2017-07-17 16:50:48,187 [Worker-122] WARN  o.e.m.c.i.embedder.EclipseLogger - Using platform encoding (Cp1252 actually) to copy filtered resources, i.e. build is platform dependent!
2017-07-17 16:50:48,190 [Worker-122] INFO  o.e.m.c.i.embedder.EclipseLogger - Copying 0 resource
2017-07-17 16:51:30,160 [Worker-122] WARN  o.e.m.c.i.embedder.EclipseLogger - Using platform encoding (Cp1252 actually) to copy filtered resources, i.e. build is platform dependent!
2017-07-17 16:51:30,164 [Worker-122] INFO  o.e.m.c.i.embedder.EclipseLogger - Copying 0 resource
2017-07-17 16:51:30,166 [Worker-122] WARN  o.e.m.c.i.embedder.EclipseLogger - Using platform encoding (Cp1252 actually) to copy filtered resources, i.e. build is platform dependent!
2017-07-17 16:51:30,169 [Worker-122] INFO  o.e.m.c.i.embedder.EclipseLogger - Copying 0 resource
2017-07-17 17:01:40,358 [Worker-129] WARN  o.e.m.c.i.embedder.EclipseLogger - Using platform encoding (Cp1252 actually) to copy filtered resources, i.e. build is platform dependent!
2017-07-17 17:01:40,364 [Worker-129] INFO  o.e.m.c.i.embedder.EclipseLogger - Copying 0 resource
2017-07-17 17:01:40,381 [Worker-129] WARN  o.e.m.c.i.embedder.EclipseLogger - Using platform encoding (Cp1252 actually) to copy filtered resources, i.e. build is platform dependent!
2017-07-17 17:01:40,384 [Worker-129] INFO  o.e.m.c.i.embedder.EclipseLogger - Copying 0 resource
2017-07-17 17:02:03,032 [Worker-126] WARN  o.e.m.c.i.embedder.EclipseLogger - Using platform encoding (Cp1252 actually) to copy filtered resources, i.e. build is platform dependent!
2017-07-17 17:02:03,036 [Worker-126] INFO  o.e.m.c.i.embedder.EclipseLogger - Copying 0 resource
2017-07-17 17:02:03,038 [Worker-126] WARN  o.e.m.c.i.embedder.EclipseLogger - Using platform encoding (Cp1252 actually) to copy filtered resources, i.e. build is platform dependent!
2017-07-17 17:02:03,041 [Worker-126] INFO  o.e.m.c.i.embedder.EclipseLogger - Copying 0 resource
2017-07-17 17:12:36,037 [Worker-126] WARN  o.e.m.c.i.embedder.EclipseLogger - Using platform encoding (Cp1252 actually) to copy filtered resources, i.e. build is platform dependent!
2017-07-17 17:12:36,057 [Worker-126] INFO  o.e.m.c.i.embedder.EclipseLogger - Copying 0 resource
2017-07-17 17:12:36,066 [Worker-126] WARN  o.e.m.c.i.embedder.EclipseLogger - Using platform encoding (Cp1252 actually) to copy filtered resources, i.e. build is platform dependent!
2017-07-17 17:12:36,071 [Worker-126] INFO  o.e.m.c.i.embedder.EclipseLogger - Copying 0 resource
2017-07-17 17:13:53,799 [Worker-132] WARN  o.e.m.c.i.embedder.EclipseLogger - Using platform encoding (Cp1252 actually) to copy filtered resources, i.e. build is platform dependent!
2017-07-17 17:13:53,802 [Worker-132] INFO  o.e.m.c.i.embedder.EclipseLogger - Copying 0 resource
2017-07-17 17:13:53,804 [Worker-132] WARN  o.e.m.c.i.embedder.EclipseLogger - Using platform encoding (Cp1252 actually) to copy filtered resources, i.e. build is platform dependent!
2017-07-17 17:13:53,806 [Worker-132] INFO  o.e.m.c.i.embedder.EclipseLogger - Copying 0 resource
2017-07-17 17:35:31,298 [Worker-141] WARN  o.e.m.c.i.embedder.EclipseLogger - Using platform encoding (Cp1252 actually) to copy filtered resources, i.e. build is platform dependent!
2017-07-17 17:35:31,320 [Worker-141] INFO  o.e.m.c.i.embedder.EclipseLogger - Copying 0 resource
2017-07-17 17:35:31,322 [Worker-141] WARN  o.e.m.c.i.embedder.EclipseLogger - Using platform encoding (Cp1252 actually) to copy filtered resources, i.e. build is platform dependent!
2017-07-17 17:35:31,333 [Worker-141] INFO  o.e.m.c.i.embedder.EclipseLogger - Copying 0 resource
2017-07-17 17:55:46,752 [Worker-144] WARN  o.e.m.c.i.embedder.EclipseLogger - Using platform encoding (Cp1252 actually) to copy filtered resources, i.e. build is platform dependent!
2017-07-17 17:55:46,835 [Worker-144] INFO  o.e.m.c.i.embedder.EclipseLogger - Copying 0 resource
2017-07-17 17:55:46,837 [Worker-144] WARN  o.e.m.c.i.embedder.EclipseLogger - Using platform encoding (Cp1252 actually) to copy filtered resources, i.e. build is platform dependent!
2017-07-17 17:55:46,846 [Worker-144] INFO  o.e.m.c.i.embedder.EclipseLogger - Copying 0 resource
2017-07-17 17:58:26,556 [Worker-138] WARN  o.e.m.c.i.embedder.EclipseLogger - Using platform encoding (Cp1252 actually) to copy filtered resources, i.e. build is platform dependent!
2017-07-17 17:58:26,582 [Worker-138] INFO  o.e.m.c.i.embedder.EclipseLogger - Copying 0 resource
2017-07-17 17:58:26,584 [Worker-138] WARN  o.e.m.c.i.embedder.EclipseLogger - Using platform encoding (Cp1252 actually) to copy filtered resources, i.e. build is platform dependent!
2017-07-17 17:58:26,587 [Worker-138] INFO  o.e.m.c.i.embedder.EclipseLogger - Copying 0 resource
2017-07-17 17:58:52,548 [Worker-148] WARN  o.e.m.c.i.embedder.EclipseLogger - Using platform encoding (Cp1252 actually) to copy filtered resources, i.e. build is platform dependent!
2017-07-17 17:58:52,551 [Worker-148] INFO  o.e.m.c.i.embedder.EclipseLogger - Copying 0 resource
2017-07-17 17:58:52,554 [Worker-148] WARN  o.e.m.c.i.embedder.EclipseLogger - Using platform encoding (Cp1252 actually) to copy filtered resources, i.e. build is platform dependent!
2017-07-17 17:58:52,557 [Worker-148] INFO  o.e.m.c.i.embedder.EclipseLogger - Copying 0 resource
2017-07-17 17:59:25,194 [Worker-148] WARN  o.e.m.c.i.embedder.EclipseLogger - Using platform encoding (Cp1252 actually) to copy filtered resources, i.e. build is platform dependent!
2017-07-17 17:59:25,198 [Worker-148] INFO  o.e.m.c.i.embedder.EclipseLogger - Copying 0 resource
2017-07-17 17:59:25,201 [Worker-148] WARN  o.e.m.c.i.embedder.EclipseLogger - Using platform encoding (Cp1252 actually) to copy filtered resources, i.e. build is platform dependent!
2017-07-17 17:59:25,204 [Worker-148] INFO  o.e.m.c.i.embedder.EclipseLogger - Copying 0 resource
2017-07-17 18:00:24,488 [Worker-150] WARN  o.e.m.c.i.embedder.EclipseLogger - Using platform encoding (Cp1252 actually) to copy filtered resources, i.e. build is platform dependent!
2017-07-17 18:00:24,492 [Worker-150] INFO  o.e.m.c.i.embedder.EclipseLogger - Copying 0 resource
2017-07-17 18:00:24,494 [Worker-150] WARN  o.e.m.c.i.embedder.EclipseLogger - Using platform encoding (Cp1252 actually) to copy filtered resources, i.e. build is platform dependent!
2017-07-17 18:00:24,498 [Worker-150] INFO  o.e.m.c.i.embedder.EclipseLogger - Copying 0 resource
2017-07-17 18:10:58,171 [Worker-155] WARN  o.e.m.c.i.embedder.EclipseLogger - Using platform encoding (Cp1252 actually) to copy filtered resources, i.e. build is platform dependent!
2017-07-17 18:10:58,229 [Worker-155] INFO  o.e.m.c.i.embedder.EclipseLogger - Copying 0 resource
2017-07-17 18:10:58,231 [Worker-155] WARN  o.e.m.c.i.embedder.EclipseLogger - Using platform encoding (Cp1252 actually) to copy filtered resources, i.e. build is platform dependent!
2017-07-17 18:10:58,234 [Worker-155] INFO  o.e.m.c.i.embedder.EclipseLogger - Copying 0 resource
2017-07-17 18:39:27,661 [Worker-159] WARN  o.e.m.c.i.embedder.EclipseLogger - Using platform encoding (Cp1252 actually) to copy filtered resources, i.e. build is platform dependent!
2017-07-17 18:39:27,708 [Worker-159] INFO  o.e.m.c.i.embedder.EclipseLogger - Copying 0 resource
2017-07-17 18:39:27,711 [Worker-159] WARN  o.e.m.c.i.embedder.EclipseLogger - Using platform encoding (Cp1252 actually) to copy filtered resources, i.e. build is platform dependent!
2017-07-17 18:39:27,721 [Worker-159] INFO  o.e.m.c.i.embedder.EclipseLogger - Copying 0 resource
2017-07-17 18:43:11,831 [Worker-160] WARN  o.e.m.c.i.embedder.EclipseLogger - Using platform encoding (Cp1252 actually) to copy filtered resources, i.e. build is platform dependent!
2017-07-17 18:43:11,834 [Worker-160] INFO  o.e.m.c.i.embedder.EclipseLogger - Copying 0 resource
2017-07-17 18:43:11,836 [Worker-160] WARN  o.e.m.c.i.embedder.EclipseLogger - Using platform encoding (Cp1252 actually) to copy filtered resources, i.e. build is platform dependent!
2017-07-17 18:43:11,838 [Worker-160] INFO  o.e.m.c.i.embedder.EclipseLogger - Copying 0 resource
2017-07-17 18:47:28,734 [Worker-167] WARN  o.e.m.c.i.embedder.EclipseLogger - Using platform encoding (Cp1252 actually) to copy filtered resources, i.e. build is platform dependent!
2017-07-17 18:47:28,737 [Worker-167] INFO  o.e.m.c.i.embedder.EclipseLogger - Copying 0 resource
2017-07-17 18:47:28,740 [Worker-167] WARN  o.e.m.c.i.embedder.EclipseLogger - Using platform encoding (Cp1252 actually) to copy filtered resources, i.e. build is platform dependent!
2017-07-17 18:47:28,743 [Worker-167] INFO  o.e.m.c.i.embedder.EclipseLogger - Copying 0 resource
2017-07-17 18:47:48,907 [Worker-163] WARN  o.e.m.c.i.embedder.EclipseLogger - Using platform encoding (Cp1252 actually) to copy filtered resources, i.e. build is platform dependent!
2017-07-17 18:47:48,911 [Worker-163] INFO  o.e.m.c.i.embedder.EclipseLogger - Copying 0 resource
2017-07-17 18:47:48,913 [Worker-163] WARN  o.e.m.c.i.embedder.EclipseLogger - Using platform encoding (Cp1252 actually) to copy filtered resources, i.e. build is platform dependent!
2017-07-17 18:47:48,919 [Worker-163] INFO  o.e.m.c.i.embedder.EclipseLogger - Copying 0 resource
2017-07-17 18:48:02,624 [Worker-168] WARN  o.e.m.c.i.embedder.EclipseLogger - Using platform encoding (Cp1252 actually) to copy filtered resources, i.e. build is platform dependent!
2017-07-17 18:48:02,627 [Worker-168] INFO  o.e.m.c.i.embedder.EclipseLogger - Copying 0 resource
2017-07-17 18:48:02,643 [Worker-168] WARN  o.e.m.c.i.embedder.EclipseLogger - Using platform encoding (Cp1252 actually) to copy filtered resources, i.e. build is platform dependent!
2017-07-17 18:48:02,645 [Worker-168] INFO  o.e.m.c.i.embedder.EclipseLogger - Copying 0 resource
2017-07-17 18:51:08,912 [Worker-163] WARN  o.e.m.c.i.embedder.EclipseLogger - Using platform encoding (Cp1252 actually) to copy filtered resources, i.e. build is platform dependent!
2017-07-17 18:51:08,915 [Worker-163] INFO  o.e.m.c.i.embedder.EclipseLogger - Copying 0 resource
2017-07-17 18:51:08,918 [Worker-163] WARN  o.e.m.c.i.embedder.EclipseLogger - Using platform encoding (Cp1252 actually) to copy filtered resources, i.e. build is platform dependent!
2017-07-17 18:51:08,921 [Worker-163] INFO  o.e.m.c.i.embedder.EclipseLogger - Copying 0 resource
2017-07-17 18:51:43,011 [Worker-170] WARN  o.e.m.c.i.embedder.EclipseLogger - Using platform encoding (Cp1252 actually) to copy filtered resources, i.e. build is platform dependent!
2017-07-17 18:51:43,014 [Worker-170] INFO  o.e.m.c.i.embedder.EclipseLogger - Copying 0 resource
2017-07-17 18:51:43,017 [Worker-170] WARN  o.e.m.c.i.embedder.EclipseLogger - Using platform encoding (Cp1252 actually) to copy filtered resources, i.e. build is platform dependent!
2017-07-17 18:51:43,019 [Worker-170] INFO  o.e.m.c.i.embedder.EclipseLogger - Copying 0 resource
2017-07-17 18:51:55,905 [Worker-170] WARN  o.e.m.c.i.embedder.EclipseLogger - Using platform encoding (Cp1252 actually) to copy filtered resources, i.e. build is platform dependent!
2017-07-17 18:51:55,908 [Worker-170] INFO  o.e.m.c.i.embedder.EclipseLogger - Copying 0 resource
2017-07-17 18:51:55,986 [Worker-170] WARN  o.e.m.c.i.embedder.EclipseLogger - Using platform encoding (Cp1252 actually) to copy filtered resources, i.e. build is platform dependent!
2017-07-17 18:51:55,988 [Worker-170] INFO  o.e.m.c.i.embedder.EclipseLogger - Copying 0 resource
2017-07-17 18:52:24,214 [Worker-162] WARN  o.e.m.c.i.embedder.EclipseLogger - Using platform encoding (Cp1252 actually) to copy filtered resources, i.e. build is platform dependent!
2017-07-17 18:52:24,217 [Worker-162] INFO  o.e.m.c.i.embedder.EclipseLogger - Copying 0 resource
2017-07-17 18:52:24,219 [Worker-162] WARN  o.e.m.c.i.embedder.EclipseLogger - Using platform encoding (Cp1252 actually) to copy filtered resources, i.e. build is platform dependent!
2017-07-17 18:52:24,221 [Worker-162] INFO  o.e.m.c.i.embedder.EclipseLogger - Copying 0 resource
2017-07-17 18:52:28,678 [Worker-174] WARN  o.e.m.c.i.embedder.EclipseLogger - Using platform encoding (Cp1252 actually) to copy filtered resources, i.e. build is platform dependent!
2017-07-17 18:52:28,681 [Worker-174] INFO  o.e.m.c.i.embedder.EclipseLogger - Copying 0 resource
2017-07-17 18:52:28,683 [Worker-174] WARN  o.e.m.c.i.embedder.EclipseLogger - Using platform encoding (Cp1252 actually) to copy filtered resources, i.e. build is platform dependent!
2017-07-17 18:52:28,686 [Worker-174] INFO  o.e.m.c.i.embedder.EclipseLogger - Copying 0 resource
2017-07-17 18:53:19,644 [Worker-168] WARN  o.e.m.c.i.embedder.EclipseLogger - Using platform encoding (Cp1252 actually) to copy filtered resources, i.e. build is platform dependent!
2017-07-17 18:53:19,647 [Worker-168] INFO  o.e.m.c.i.embedder.EclipseLogger - Copying 0 resource
2017-07-17 18:53:19,649 [Worker-168] WARN  o.e.m.c.i.embedder.EclipseLogger - Using platform encoding (Cp1252 actually) to copy filtered resources, i.e. build is platform dependent!
2017-07-17 18:53:19,651 [Worker-168] INFO  o.e.m.c.i.embedder.EclipseLogger - Copying 0 resource
2017-07-17 19:12:06,177 [Worker-177] WARN  o.e.m.c.i.embedder.EclipseLogger - Using platform encoding (Cp1252 actually) to copy filtered resources, i.e. build is platform dependent!
2017-07-17 19:12:06,196 [Worker-177] INFO  o.e.m.c.i.embedder.EclipseLogger - Copying 0 resource
2017-07-17 19:12:06,198 [Worker-177] WARN  o.e.m.c.i.embedder.EclipseLogger - Using platform encoding (Cp1252 actually) to copy filtered resources, i.e. build is platform dependent!
2017-07-17 19:12:06,201 [Worker-177] INFO  o.e.m.c.i.embedder.EclipseLogger - Copying 0 resource
2017-07-17 19:12:20,394 [Worker-179] WARN  o.e.m.c.i.embedder.EclipseLogger - Using platform encoding (Cp1252 actually) to copy filtered resources, i.e. build is platform dependent!
2017-07-17 19:12:20,398 [Worker-179] INFO  o.e.m.c.i.embedder.EclipseLogger - Copying 0 resource
2017-07-17 19:12:20,399 [Worker-179] WARN  o.e.m.c.i.embedder.EclipseLogger - Using platform encoding (Cp1252 actually) to copy filtered resources, i.e. build is platform dependent!
2017-07-17 19:12:20,402 [Worker-179] INFO  o.e.m.c.i.embedder.EclipseLogger - Copying 0 resource
2017-07-17 19:13:58,419 [Worker-178] WARN  o.e.m.c.i.embedder.EclipseLogger - Using platform encoding (Cp1252 actually) to copy filtered resources, i.e. build is platform dependent!
2017-07-17 19:13:58,444 [Worker-178] INFO  o.e.m.c.i.embedder.EclipseLogger - Copying 0 resource
2017-07-17 19:13:58,446 [Worker-178] WARN  o.e.m.c.i.embedder.EclipseLogger - Using platform encoding (Cp1252 actually) to copy filtered resources, i.e. build is platform dependent!
2017-07-17 19:13:58,490 [Worker-178] INFO  o.e.m.c.i.embedder.EclipseLogger - Copying 0 resource
2017-07-17 19:15:49,421 [Worker-180] WARN  o.e.m.c.i.embedder.EclipseLogger - Using platform encoding (Cp1252 actually) to copy filtered resources, i.e. build is platform dependent!
2017-07-17 19:15:49,424 [Worker-180] INFO  o.e.m.c.i.embedder.EclipseLogger - Copying 0 resource
2017-07-17 19:15:49,426 [Worker-180] WARN  o.e.m.c.i.embedder.EclipseLogger - Using platform encoding (Cp1252 actually) to copy filtered resources, i.e. build is platform dependent!
2017-07-17 19:15:49,429 [Worker-180] INFO  o.e.m.c.i.embedder.EclipseLogger - Copying 0 resource
2017-07-17 19:16:45,108 [Worker-176] WARN  o.e.m.c.i.embedder.EclipseLogger - Using platform encoding (Cp1252 actually) to copy filtered resources, i.e. build is platform dependent!
2017-07-17 19:16:45,112 [Worker-176] INFO  o.e.m.c.i.embedder.EclipseLogger - Copying 0 resource
2017-07-17 19:16:45,114 [Worker-176] WARN  o.e.m.c.i.embedder.EclipseLogger - Using platform encoding (Cp1252 actually) to copy filtered resources, i.e. build is platform dependent!
2017-07-17 19:16:45,117 [Worker-176] INFO  o.e.m.c.i.embedder.EclipseLogger - Copying 0 resource
2017-07-17 19:16:49,788 [Worker-176] WARN  o.e.m.c.i.embedder.EclipseLogger - Using platform encoding (Cp1252 actually) to copy filtered resources, i.e. build is platform dependent!
2017-07-17 19:16:49,791 [Worker-176] INFO  o.e.m.c.i.embedder.EclipseLogger - Copying 0 resource
2017-07-17 19:16:49,793 [Worker-176] WARN  o.e.m.c.i.embedder.EclipseLogger - Using platform encoding (Cp1252 actually) to copy filtered resources, i.e. build is platform dependent!
2017-07-17 19:16:49,796 [Worker-176] INFO  o.e.m.c.i.embedder.EclipseLogger - Copying 0 resource
2017-07-17 19:24:12,327 [Worker-182] WARN  o.e.m.c.i.embedder.EclipseLogger - Using platform encoding (Cp1252 actually) to copy filtered resources, i.e. build is platform dependent!
2017-07-17 19:24:12,331 [Worker-182] INFO  o.e.m.c.i.embedder.EclipseLogger - Copying 0 resource
2017-07-17 19:24:12,333 [Worker-182] WARN  o.e.m.c.i.embedder.EclipseLogger - Using platform encoding (Cp1252 actually) to copy filtered resources, i.e. build is platform dependent!
2017-07-17 19:24:12,336 [Worker-182] INFO  o.e.m.c.i.embedder.EclipseLogger - Copying 0 resource
2017-07-17 19:29:03,688 [Worker-176] WARN  o.e.m.c.i.embedder.EclipseLogger - Using platform encoding (Cp1252 actually) to copy filtered resources, i.e. build is platform dependent!
2017-07-17 19:29:03,692 [Worker-176] INFO  o.e.m.c.i.embedder.EclipseLogger - Copying 0 resource
2017-07-17 19:29:03,699 [Worker-176] WARN  o.e.m.c.i.embedder.EclipseLogger - Using platform encoding (Cp1252 actually) to copy filtered resources, i.e. build is platform dependent!
2017-07-17 19:29:03,702 [Worker-176] INFO  o.e.m.c.i.embedder.EclipseLogger - Copying 0 resource
2017-07-17 19:29:33,829 [Worker-187] WARN  o.e.m.c.i.embedder.EclipseLogger - Using platform encoding (Cp1252 actually) to copy filtered resources, i.e. build is platform dependent!
2017-07-17 19:29:33,832 [Worker-187] INFO  o.e.m.c.i.embedder.EclipseLogger - Copying 0 resource
2017-07-17 19:29:33,834 [Worker-187] WARN  o.e.m.c.i.embedder.EclipseLogger - Using platform encoding (Cp1252 actually) to copy filtered resources, i.e. build is platform dependent!
2017-07-17 19:29:33,836 [Worker-187] INFO  o.e.m.c.i.embedder.EclipseLogger - Copying 0 resource
2017-07-17 19:30:15,017 [Worker-176] WARN  o.e.m.c.i.embedder.EclipseLogger - Using platform encoding (Cp1252 actually) to copy filtered resources, i.e. build is platform dependent!
2017-07-17 19:30:15,020 [Worker-176] INFO  o.e.m.c.i.embedder.EclipseLogger - Copying 0 resource
2017-07-17 19:30:15,021 [Worker-176] WARN  o.e.m.c.i.embedder.EclipseLogger - Using platform encoding (Cp1252 actually) to copy filtered resources, i.e. build is platform dependent!
2017-07-17 19:30:15,023 [Worker-176] INFO  o.e.m.c.i.embedder.EclipseLogger - Copying 0 resource
2017-07-17 19:33:37,574 [Worker-186] WARN  o.e.m.c.i.embedder.EclipseLogger - Using platform encoding (Cp1252 actually) to copy filtered resources, i.e. build is platform dependent!
2017-07-17 19:33:37,585 [Worker-186] INFO  o.e.m.c.i.embedder.EclipseLogger - Copying 0 resource
2017-07-17 19:33:37,588 [Worker-186] WARN  o.e.m.c.i.embedder.EclipseLogger - Using platform encoding (Cp1252 actually) to copy filtered resources, i.e. build is platform dependent!
2017-07-17 19:33:37,591 [Worker-186] INFO  o.e.m.c.i.embedder.EclipseLogger - Copying 0 resource
2017-07-17 19:34:22,421 [Worker-186] WARN  o.e.m.c.i.embedder.EclipseLogger - Using platform encoding (Cp1252 actually) to copy filtered resources, i.e. build is platform dependent!
2017-07-17 19:34:22,425 [Worker-186] INFO  o.e.m.c.i.embedder.EclipseLogger - Copying 0 resource
2017-07-17 19:34:22,428 [Worker-186] WARN  o.e.m.c.i.embedder.EclipseLogger - Using platform encoding (Cp1252 actually) to copy filtered resources, i.e. build is platform dependent!
2017-07-17 19:34:22,431 [Worker-186] INFO  o.e.m.c.i.embedder.EclipseLogger - Copying 0 resource
2017-07-17 19:36:07,822 [Worker-186] WARN  o.e.m.c.i.embedder.EclipseLogger - Using platform encoding (Cp1252 actually) to copy filtered resources, i.e. build is platform dependent!
2017-07-17 19:36:07,825 [Worker-186] INFO  o.e.m.c.i.embedder.EclipseLogger - Copying 0 resource
2017-07-17 19:36:07,827 [Worker-186] WARN  o.e.m.c.i.embedder.EclipseLogger - Using platform encoding (Cp1252 actually) to copy filtered resources, i.e. build is platform dependent!
2017-07-17 19:36:07,830 [Worker-186] INFO  o.e.m.c.i.embedder.EclipseLogger - Copying 0 resource
2017-07-17 19:37:43,705 [Worker-186] WARN  o.e.m.c.i.embedder.EclipseLogger - Using platform encoding (Cp1252 actually) to copy filtered resources, i.e. build is platform dependent!
2017-07-17 19:37:43,712 [Worker-186] INFO  o.e.m.c.i.embedder.EclipseLogger - Copying 0 resource
2017-07-17 19:37:43,715 [Worker-186] WARN  o.e.m.c.i.embedder.EclipseLogger - Using platform encoding (Cp1252 actually) to copy filtered resources, i.e. build is platform dependent!
2017-07-17 19:37:43,717 [Worker-186] INFO  o.e.m.c.i.embedder.EclipseLogger - Copying 0 resource
2017-07-17 19:39:30,251 [Worker-192] WARN  o.e.m.c.i.embedder.EclipseLogger - Using platform encoding (Cp1252 actually) to copy filtered resources, i.e. build is platform dependent!
2017-07-17 19:39:30,254 [Worker-192] INFO  o.e.m.c.i.embedder.EclipseLogger - Copying 0 resource
2017-07-17 19:39:30,256 [Worker-192] WARN  o.e.m.c.i.embedder.EclipseLogger - Using platform encoding (Cp1252 actually) to copy filtered resources, i.e. build is platform dependent!
2017-07-17 19:39:30,259 [Worker-192] INFO  o.e.m.c.i.embedder.EclipseLogger - Copying 0 resource
2017-07-17 19:39:53,424 [Worker-186] WARN  o.e.m.c.i.embedder.EclipseLogger - Using platform encoding (Cp1252 actually) to copy filtered resources, i.e. build is platform dependent!
2017-07-17 19:39:53,427 [Worker-186] INFO  o.e.m.c.i.embedder.EclipseLogger - Copying 0 resource
2017-07-17 19:39:53,433 [Worker-186] WARN  o.e.m.c.i.embedder.EclipseLogger - Using platform encoding (Cp1252 actually) to copy filtered resources, i.e. build is platform dependent!
2017-07-17 19:39:53,435 [Worker-186] INFO  o.e.m.c.i.embedder.EclipseLogger - Copying 0 resource
2017-07-17 19:43:06,437 [Worker-192] WARN  o.e.m.c.i.embedder.EclipseLogger - Using platform encoding (Cp1252 actually) to copy filtered resources, i.e. build is platform dependent!
2017-07-17 19:43:06,446 [Worker-192] INFO  o.e.m.c.i.embedder.EclipseLogger - Copying 0 resource
2017-07-17 19:43:06,449 [Worker-192] WARN  o.e.m.c.i.embedder.EclipseLogger - Using platform encoding (Cp1252 actually) to copy filtered resources, i.e. build is platform dependent!
2017-07-17 19:43:06,453 [Worker-192] INFO  o.e.m.c.i.embedder.EclipseLogger - Copying 0 resource
2017-07-17 19:49:10,901 [Worker-197] WARN  o.e.m.c.i.embedder.EclipseLogger - Using platform encoding (Cp1252 actually) to copy filtered resources, i.e. build is platform dependent!
2017-07-17 19:49:10,927 [Worker-197] INFO  o.e.m.c.i.embedder.EclipseLogger - Copying 0 resource
2017-07-17 19:49:10,930 [Worker-197] WARN  o.e.m.c.i.embedder.EclipseLogger - Using platform encoding (Cp1252 actually) to copy filtered resources, i.e. build is platform dependent!
2017-07-17 19:49:10,994 [Worker-197] INFO  o.e.m.c.i.embedder.EclipseLogger - Copying 0 resource
2017-07-17 20:00:56,979 [Worker-186] WARN  o.e.m.c.i.embedder.EclipseLogger - Using platform encoding (Cp1252 actually) to copy filtered resources, i.e. build is platform dependent!
2017-07-17 20:00:56,984 [Worker-186] INFO  o.e.m.c.i.embedder.EclipseLogger - Copying 0 resource
2017-07-17 20:00:56,987 [Worker-186] WARN  o.e.m.c.i.embedder.EclipseLogger - Using platform encoding (Cp1252 actually) to copy filtered resources, i.e. build is platform dependent!
2017-07-17 20:00:56,990 [Worker-186] INFO  o.e.m.c.i.embedder.EclipseLogger - Copying 0 resource
2017-07-17 20:02:38,017 [Worker-200] WARN  o.e.m.c.i.embedder.EclipseLogger - Using platform encoding (Cp1252 actually) to copy filtered resources, i.e. build is platform dependent!
2017-07-17 20:02:38,020 [Worker-200] INFO  o.e.m.c.i.embedder.EclipseLogger - Copying 0 resource
2017-07-17 20:02:38,022 [Worker-200] WARN  o.e.m.c.i.embedder.EclipseLogger - Using platform encoding (Cp1252 actually) to copy filtered resources, i.e. build is platform dependent!
2017-07-17 20:02:38,027 [Worker-200] INFO  o.e.m.c.i.embedder.EclipseLogger - Copying 0 resource
2017-07-17 20:04:26,034 [Worker-186] WARN  o.e.m.c.i.embedder.EclipseLogger - Using platform encoding (Cp1252 actually) to copy filtered resources, i.e. build is platform dependent!
2017-07-17 20:04:26,037 [Worker-186] INFO  o.e.m.c.i.embedder.EclipseLogger - Copying 0 resource
2017-07-17 20:04:26,039 [Worker-186] WARN  o.e.m.c.i.embedder.EclipseLogger - Using platform encoding (Cp1252 actually) to copy filtered resources, i.e. build is platform dependent!
2017-07-17 20:04:26,041 [Worker-186] INFO  o.e.m.c.i.embedder.EclipseLogger - Copying 0 resource
2017-07-17 20:07:18,013 [Worker-202] WARN  o.e.m.c.i.embedder.EclipseLogger - Using platform encoding (Cp1252 actually) to copy filtered resources, i.e. build is platform dependent!
2017-07-17 20:07:18,021 [Worker-202] INFO  o.e.m.c.i.embedder.EclipseLogger - Copying 0 resource
2017-07-17 20:07:18,025 [Worker-202] WARN  o.e.m.c.i.embedder.EclipseLogger - Using platform encoding (Cp1252 actually) to copy filtered resources, i.e. build is platform dependent!
2017-07-17 20:07:18,027 [Worker-202] INFO  o.e.m.c.i.embedder.EclipseLogger - Copying 0 resource
2017-07-18 08:38:27,170 [Worker-213] WARN  o.e.m.c.i.embedder.EclipseLogger - Using platform encoding (Cp1252 actually) to copy filtered resources, i.e. build is platform dependent!
2017-07-18 08:38:27,178 [Worker-213] INFO  o.e.m.c.i.embedder.EclipseLogger - Copying 0 resource
2017-07-18 08:38:27,180 [Worker-213] WARN  o.e.m.c.i.embedder.EclipseLogger - Using platform encoding (Cp1252 actually) to copy filtered resources, i.e. build is platform dependent!
2017-07-18 08:38:27,183 [Worker-213] INFO  o.e.m.c.i.embedder.EclipseLogger - Copying 0 resource
2017-07-18 09:56:20,337 [Worker-227] WARN  o.e.m.c.i.embedder.EclipseLogger - Using platform encoding (Cp1252 actually) to copy filtered resources, i.e. build is platform dependent!
2017-07-18 09:56:20,672 [Worker-227] INFO  o.e.m.c.i.embedder.EclipseLogger - Copying 0 resource
2017-07-18 09:56:20,675 [Worker-227] WARN  o.e.m.c.i.embedder.EclipseLogger - Using platform encoding (Cp1252 actually) to copy filtered resources, i.e. build is platform dependent!
2017-07-18 09:56:20,758 [Worker-227] INFO  o.e.m.c.i.embedder.EclipseLogger - Copying 0 resource
2017-07-18 09:58:03,096 [Worker-231] WARN  o.e.m.c.i.embedder.EclipseLogger - Using platform encoding (Cp1252 actually) to copy filtered resources, i.e. build is platform dependent!
2017-07-18 09:58:03,102 [Worker-231] INFO  o.e.m.c.i.embedder.EclipseLogger - Copying 0 resource
2017-07-18 09:58:03,104 [Worker-231] WARN  o.e.m.c.i.embedder.EclipseLogger - Using platform encoding (Cp1252 actually) to copy filtered resources, i.e. build is platform dependent!
2017-07-18 09:58:03,106 [Worker-231] INFO  o.e.m.c.i.embedder.EclipseLogger - Copying 0 resource
2017-07-18 10:01:17,951 [Worker-235] WARN  o.e.m.c.i.embedder.EclipseLogger - Using platform encoding (Cp1252 actually) to copy filtered resources, i.e. build is platform dependent!
2017-07-18 10:01:17,957 [Worker-235] INFO  o.e.m.c.i.embedder.EclipseLogger - Copying 0 resource
2017-07-18 10:01:17,960 [Worker-235] WARN  o.e.m.c.i.embedder.EclipseLogger - Using platform encoding (Cp1252 actually) to copy filtered resources, i.e. build is platform dependent!
2017-07-18 10:01:17,963 [Worker-235] INFO  o.e.m.c.i.embedder.EclipseLogger - Copying 0 resource
2017-07-18 10:05:53,572 [Worker-189] WARN  o.e.m.c.i.embedder.EclipseLogger - Using platform encoding (Cp1252 actually) to copy filtered resources, i.e. build is platform dependent!
2017-07-18 10:05:53,598 [Worker-189] INFO  o.e.m.c.i.embedder.EclipseLogger - Copying 0 resource
2017-07-18 10:05:53,600 [Worker-189] WARN  o.e.m.c.i.embedder.EclipseLogger - Using platform encoding (Cp1252 actually) to copy filtered resources, i.e. build is platform dependent!
2017-07-18 10:05:53,603 [Worker-189] INFO  o.e.m.c.i.embedder.EclipseLogger - Copying 0 resource
2017-07-18 10:06:02,831 [Worker-238] WARN  o.e.m.c.i.embedder.EclipseLogger - Using platform encoding (Cp1252 actually) to copy filtered resources, i.e. build is platform dependent!
2017-07-18 10:06:02,834 [Worker-238] INFO  o.e.m.c.i.embedder.EclipseLogger - Copying 0 resource
2017-07-18 10:06:02,836 [Worker-238] WARN  o.e.m.c.i.embedder.EclipseLogger - Using platform encoding (Cp1252 actually) to copy filtered resources, i.e. build is platform dependent!
2017-07-18 10:06:02,839 [Worker-238] INFO  o.e.m.c.i.embedder.EclipseLogger - Copying 0 resource
2017-07-18 10:06:22,392 [Worker-189] WARN  o.e.m.c.i.embedder.EclipseLogger - Using platform encoding (Cp1252 actually) to copy filtered resources, i.e. build is platform dependent!
2017-07-18 10:06:22,396 [Worker-189] INFO  o.e.m.c.i.embedder.EclipseLogger - Copying 0 resource
2017-07-18 10:06:22,399 [Worker-189] WARN  o.e.m.c.i.embedder.EclipseLogger - Using platform encoding (Cp1252 actually) to copy filtered resources, i.e. build is platform dependent!
2017-07-18 10:06:22,401 [Worker-189] INFO  o.e.m.c.i.embedder.EclipseLogger - Copying 0 resource
2017-07-18 10:08:23,557 [Worker-238] WARN  o.e.m.c.i.embedder.EclipseLogger - Using platform encoding (Cp1252 actually) to copy filtered resources, i.e. build is platform dependent!
2017-07-18 10:08:23,628 [Worker-238] INFO  o.e.m.c.i.embedder.EclipseLogger - Copying 0 resource
2017-07-18 10:08:23,630 [Worker-238] WARN  o.e.m.c.i.embedder.EclipseLogger - Using platform encoding (Cp1252 actually) to copy filtered resources, i.e. build is platform dependent!
2017-07-18 10:08:23,633 [Worker-238] INFO  o.e.m.c.i.embedder.EclipseLogger - Copying 0 resource
2017-07-18 10:09:30,036 [Worker-189] WARN  o.e.m.c.i.embedder.EclipseLogger - Using platform encoding (Cp1252 actually) to copy filtered resources, i.e. build is platform dependent!
2017-07-18 10:09:30,039 [Worker-189] INFO  o.e.m.c.i.embedder.EclipseLogger - Copying 0 resource
2017-07-18 10:09:30,040 [Worker-189] WARN  o.e.m.c.i.embedder.EclipseLogger - Using platform encoding (Cp1252 actually) to copy filtered resources, i.e. build is platform dependent!
2017-07-18 10:09:30,042 [Worker-189] INFO  o.e.m.c.i.embedder.EclipseLogger - Copying 0 resource
2017-07-18 10:10:41,637 [Worker-235] WARN  o.e.m.c.i.embedder.EclipseLogger - Using platform encoding (Cp1252 actually) to copy filtered resources, i.e. build is platform dependent!
2017-07-18 10:10:41,639 [Worker-235] INFO  o.e.m.c.i.embedder.EclipseLogger - Copying 0 resource
2017-07-18 10:10:41,641 [Worker-235] WARN  o.e.m.c.i.embedder.EclipseLogger - Using platform encoding (Cp1252 actually) to copy filtered resources, i.e. build is platform dependent!
2017-07-18 10:10:41,643 [Worker-235] INFO  o.e.m.c.i.embedder.EclipseLogger - Copying 0 resource
2017-07-18 10:16:24,044 [Worker-189] WARN  o.e.m.c.i.embedder.EclipseLogger - Using platform encoding (Cp1252 actually) to copy filtered resources, i.e. build is platform dependent!
2017-07-18 10:16:24,047 [Worker-189] INFO  o.e.m.c.i.embedder.EclipseLogger - Copying 0 resource
2017-07-18 10:16:24,049 [Worker-189] WARN  o.e.m.c.i.embedder.EclipseLogger - Using platform encoding (Cp1252 actually) to copy filtered resources, i.e. build is platform dependent!
2017-07-18 10:16:24,051 [Worker-189] INFO  o.e.m.c.i.embedder.EclipseLogger - Copying 0 resource
2017-07-18 10:31:45,891 [Worker-189] WARN  o.e.m.c.i.embedder.EclipseLogger - Using platform encoding (Cp1252 actually) to copy filtered resources, i.e. build is platform dependent!
2017-07-18 10:31:45,985 [Worker-189] INFO  o.e.m.c.i.embedder.EclipseLogger - Copying 0 resource
2017-07-18 10:31:45,987 [Worker-189] WARN  o.e.m.c.i.embedder.EclipseLogger - Using platform encoding (Cp1252 actually) to copy filtered resources, i.e. build is platform dependent!
2017-07-18 10:31:45,995 [Worker-189] INFO  o.e.m.c.i.embedder.EclipseLogger - Copying 0 resource
2017-07-18 10:35:08,513 [Worker-243] WARN  o.e.m.c.i.embedder.EclipseLogger - Using platform encoding (Cp1252 actually) to copy filtered resources, i.e. build is platform dependent!
2017-07-18 10:35:08,516 [Worker-243] INFO  o.e.m.c.i.embedder.EclipseLogger - Copying 0 resource
2017-07-18 10:35:08,517 [Worker-243] WARN  o.e.m.c.i.embedder.EclipseLogger - Using platform encoding (Cp1252 actually) to copy filtered resources, i.e. build is platform dependent!
2017-07-18 10:35:08,520 [Worker-243] INFO  o.e.m.c.i.embedder.EclipseLogger - Copying 0 resource
2017-07-18 10:35:33,206 [Worker-248] WARN  o.e.m.c.i.embedder.EclipseLogger - Using platform encoding (Cp1252 actually) to copy filtered resources, i.e. build is platform dependent!
2017-07-18 10:35:33,210 [Worker-248] INFO  o.e.m.c.i.embedder.EclipseLogger - Copying 0 resource
2017-07-18 10:35:33,213 [Worker-248] WARN  o.e.m.c.i.embedder.EclipseLogger - Using platform encoding (Cp1252 actually) to copy filtered resources, i.e. build is platform dependent!
2017-07-18 10:35:33,216 [Worker-248] INFO  o.e.m.c.i.embedder.EclipseLogger - Copying 0 resource
2017-07-18 10:36:12,963 [Worker-243] WARN  o.e.m.c.i.embedder.EclipseLogger - Using platform encoding (Cp1252 actually) to copy filtered resources, i.e. build is platform dependent!
2017-07-18 10:36:12,966 [Worker-243] INFO  o.e.m.c.i.embedder.EclipseLogger - Copying 0 resource
2017-07-18 10:36:12,967 [Worker-243] WARN  o.e.m.c.i.embedder.EclipseLogger - Using platform encoding (Cp1252 actually) to copy filtered resources, i.e. build is platform dependent!
2017-07-18 10:36:12,970 [Worker-243] INFO  o.e.m.c.i.embedder.EclipseLogger - Copying 0 resource
2017-07-18 10:37:09,562 [Worker-189] WARN  o.e.m.c.i.embedder.EclipseLogger - Using platform encoding (Cp1252 actually) to copy filtered resources, i.e. build is platform dependent!
2017-07-18 10:37:09,565 [Worker-189] INFO  o.e.m.c.i.embedder.EclipseLogger - Copying 0 resource
2017-07-18 10:37:09,566 [Worker-189] WARN  o.e.m.c.i.embedder.EclipseLogger - Using platform encoding (Cp1252 actually) to copy filtered resources, i.e. build is platform dependent!
2017-07-18 10:37:09,568 [Worker-189] INFO  o.e.m.c.i.embedder.EclipseLogger - Copying 0 resource
2017-07-18 10:38:01,478 [Worker-246] WARN  o.e.m.c.i.embedder.EclipseLogger - Using platform encoding (Cp1252 actually) to copy filtered resources, i.e. build is platform dependent!
2017-07-18 10:38:01,481 [Worker-246] INFO  o.e.m.c.i.embedder.EclipseLogger - Copying 0 resource
2017-07-18 10:38:01,483 [Worker-246] WARN  o.e.m.c.i.embedder.EclipseLogger - Using platform encoding (Cp1252 actually) to copy filtered resources, i.e. build is platform dependent!
2017-07-18 10:38:01,485 [Worker-246] INFO  o.e.m.c.i.embedder.EclipseLogger - Copying 0 resource
2017-07-18 10:38:23,086 [Worker-246] WARN  o.e.m.c.i.embedder.EclipseLogger - Using platform encoding (Cp1252 actually) to copy filtered resources, i.e. build is platform dependent!
2017-07-18 10:38:23,089 [Worker-246] INFO  o.e.m.c.i.embedder.EclipseLogger - Copying 0 resource
2017-07-18 10:38:23,090 [Worker-246] WARN  o.e.m.c.i.embedder.EclipseLogger - Using platform encoding (Cp1252 actually) to copy filtered resources, i.e. build is platform dependent!
2017-07-18 10:38:23,093 [Worker-246] INFO  o.e.m.c.i.embedder.EclipseLogger - Copying 0 resource
2017-07-18 10:40:11,861 [Worker-189] WARN  o.e.m.c.i.embedder.EclipseLogger - Using platform encoding (Cp1252 actually) to copy filtered resources, i.e. build is platform dependent!
2017-07-18 10:40:11,864 [Worker-189] INFO  o.e.m.c.i.embedder.EclipseLogger - Copying 0 resource
2017-07-18 10:40:11,886 [Worker-189] WARN  o.e.m.c.i.embedder.EclipseLogger - Using platform encoding (Cp1252 actually) to copy filtered resources, i.e. build is platform dependent!
2017-07-18 10:40:11,888 [Worker-189] INFO  o.e.m.c.i.embedder.EclipseLogger - Copying 0 resource
2017-07-18 10:41:31,256 [Worker-245] WARN  o.e.m.c.i.embedder.EclipseLogger - Using platform encoding (Cp1252 actually) to copy filtered resources, i.e. build is platform dependent!
2017-07-18 10:41:31,259 [Worker-245] INFO  o.e.m.c.i.embedder.EclipseLogger - Copying 0 resource
2017-07-18 10:41:31,260 [Worker-245] WARN  o.e.m.c.i.embedder.EclipseLogger - Using platform encoding (Cp1252 actually) to copy filtered resources, i.e. build is platform dependent!
2017-07-18 10:41:31,263 [Worker-245] INFO  o.e.m.c.i.embedder.EclipseLogger - Copying 0 resource
2017-07-18 10:41:43,926 [Worker-248] WARN  o.e.m.c.i.embedder.EclipseLogger - Using platform encoding (Cp1252 actually) to copy filtered resources, i.e. build is platform dependent!
2017-07-18 10:41:43,928 [Worker-248] INFO  o.e.m.c.i.embedder.EclipseLogger - Copying 0 resource
2017-07-18 10:41:43,930 [Worker-248] WARN  o.e.m.c.i.embedder.EclipseLogger - Using platform encoding (Cp1252 actually) to copy filtered resources, i.e. build is platform dependent!
2017-07-18 10:41:43,932 [Worker-248] INFO  o.e.m.c.i.embedder.EclipseLogger - Copying 0 resource
2017-07-18 10:47:09,307 [Worker-246] WARN  o.e.m.c.i.embedder.EclipseLogger - Using platform encoding (Cp1252 actually) to copy filtered resources, i.e. build is platform dependent!
2017-07-18 10:47:09,310 [Worker-246] INFO  o.e.m.c.i.embedder.EclipseLogger - Copying 0 resource
2017-07-18 10:47:09,312 [Worker-246] WARN  o.e.m.c.i.embedder.EclipseLogger - Using platform encoding (Cp1252 actually) to copy filtered resources, i.e. build is platform dependent!
2017-07-18 10:47:09,314 [Worker-246] INFO  o.e.m.c.i.embedder.EclipseLogger - Copying 0 resource
2017-07-18 10:48:37,241 [Worker-248] WARN  o.e.m.c.i.embedder.EclipseLogger - Using platform encoding (Cp1252 actually) to copy filtered resources, i.e. build is platform dependent!
2017-07-18 10:48:37,244 [Worker-248] INFO  o.e.m.c.i.embedder.EclipseLogger - Copying 0 resource
2017-07-18 10:48:37,249 [Worker-248] WARN  o.e.m.c.i.embedder.EclipseLogger - Using platform encoding (Cp1252 actually) to copy filtered resources, i.e. build is platform dependent!
2017-07-18 10:48:37,251 [Worker-248] INFO  o.e.m.c.i.embedder.EclipseLogger - Copying 0 resource
2017-07-18 10:55:41,701 [Worker-256] WARN  o.e.m.c.i.embedder.EclipseLogger - Using platform encoding (Cp1252 actually) to copy filtered resources, i.e. build is platform dependent!
2017-07-18 10:55:41,704 [Worker-256] INFO  o.e.m.c.i.embedder.EclipseLogger - Copying 0 resource
2017-07-18 10:55:41,706 [Worker-256] WARN  o.e.m.c.i.embedder.EclipseLogger - Using platform encoding (Cp1252 actually) to copy filtered resources, i.e. build is platform dependent!
2017-07-18 10:55:41,709 [Worker-256] INFO  o.e.m.c.i.embedder.EclipseLogger - Copying 0 resource
2017-07-18 11:19:11,298 [Worker-271] WARN  o.e.m.c.i.embedder.EclipseLogger - Using platform encoding (Cp1252 actually) to copy filtered resources, i.e. build is platform dependent!
2017-07-18 11:19:11,328 [Worker-271] INFO  o.e.m.c.i.embedder.EclipseLogger - Copying 0 resource
2017-07-18 11:19:11,334 [Worker-271] WARN  o.e.m.c.i.embedder.EclipseLogger - Using platform encoding (Cp1252 actually) to copy filtered resources, i.e. build is platform dependent!
2017-07-18 11:19:11,336 [Worker-271] INFO  o.e.m.c.i.embedder.EclipseLogger - Copying 0 resource
2017-07-18 11:32:07,357 [Worker-274] WARN  o.e.m.c.i.embedder.EclipseLogger - Using platform encoding (Cp1252 actually) to copy filtered resources, i.e. build is platform dependent!
2017-07-18 11:32:07,438 [Worker-274] INFO  o.e.m.c.i.embedder.EclipseLogger - Copying 0 resource
2017-07-18 11:32:07,440 [Worker-274] WARN  o.e.m.c.i.embedder.EclipseLogger - Using platform encoding (Cp1252 actually) to copy filtered resources, i.e. build is platform dependent!
2017-07-18 11:32:07,460 [Worker-274] INFO  o.e.m.c.i.embedder.EclipseLogger - Copying 0 resource
2017-07-18 11:32:50,288 [Worker-271] WARN  o.e.m.c.i.embedder.EclipseLogger - Using platform encoding (Cp1252 actually) to copy filtered resources, i.e. build is platform dependent!
2017-07-18 11:32:50,292 [Worker-271] INFO  o.e.m.c.i.embedder.EclipseLogger - Copying 0 resource
2017-07-18 11:32:50,319 [Worker-271] WARN  o.e.m.c.i.embedder.EclipseLogger - Using platform encoding (Cp1252 actually) to copy filtered resources, i.e. build is platform dependent!
2017-07-18 11:32:50,321 [Worker-271] INFO  o.e.m.c.i.embedder.EclipseLogger - Copying 0 resource
2017-07-18 11:34:03,108 [Worker-275] WARN  o.e.m.c.i.embedder.EclipseLogger - Using platform encoding (Cp1252 actually) to copy filtered resources, i.e. build is platform dependent!
2017-07-18 11:34:03,111 [Worker-275] INFO  o.e.m.c.i.embedder.EclipseLogger - Copying 0 resource
2017-07-18 11:34:03,114 [Worker-275] WARN  o.e.m.c.i.embedder.EclipseLogger - Using platform encoding (Cp1252 actually) to copy filtered resources, i.e. build is platform dependent!
2017-07-18 11:34:03,119 [Worker-275] INFO  o.e.m.c.i.embedder.EclipseLogger - Copying 0 resource
2017-07-18 11:44:09,006 [Worker-278] WARN  o.e.m.c.i.embedder.EclipseLogger - Using platform encoding (Cp1252 actually) to copy filtered resources, i.e. build is platform dependent!
2017-07-18 11:44:09,094 [Worker-278] INFO  o.e.m.c.i.embedder.EclipseLogger - Copying 0 resource
2017-07-18 11:44:09,097 [Worker-278] WARN  o.e.m.c.i.embedder.EclipseLogger - Using platform encoding (Cp1252 actually) to copy filtered resources, i.e. build is platform dependent!
2017-07-18 11:44:09,103 [Worker-278] INFO  o.e.m.c.i.embedder.EclipseLogger - Copying 0 resource
2017-07-18 11:44:22,622 [Worker-280] WARN  o.e.m.c.i.embedder.EclipseLogger - Using platform encoding (Cp1252 actually) to copy filtered resources, i.e. build is platform dependent!
2017-07-18 11:44:22,625 [Worker-280] INFO  o.e.m.c.i.embedder.EclipseLogger - Copying 0 resource
2017-07-18 11:44:22,628 [Worker-280] WARN  o.e.m.c.i.embedder.EclipseLogger - Using platform encoding (Cp1252 actually) to copy filtered resources, i.e. build is platform dependent!
2017-07-18 11:44:22,631 [Worker-280] INFO  o.e.m.c.i.embedder.EclipseLogger - Copying 0 resource
2017-07-18 11:45:03,020 [Worker-280] WARN  o.e.m.c.i.embedder.EclipseLogger - Using platform encoding (Cp1252 actually) to copy filtered resources, i.e. build is platform dependent!
2017-07-18 11:45:03,023 [Worker-280] INFO  o.e.m.c.i.embedder.EclipseLogger - Copying 0 resource
2017-07-18 11:45:03,024 [Worker-280] WARN  o.e.m.c.i.embedder.EclipseLogger - Using platform encoding (Cp1252 actually) to copy filtered resources, i.e. build is platform dependent!
2017-07-18 11:45:03,026 [Worker-280] INFO  o.e.m.c.i.embedder.EclipseLogger - Copying 0 resource
2017-07-18 12:04:46,704 [Worker-284] WARN  o.e.m.c.i.embedder.EclipseLogger - Using platform encoding (Cp1252 actually) to copy filtered resources, i.e. build is platform dependent!
2017-07-18 12:04:46,731 [Worker-284] INFO  o.e.m.c.i.embedder.EclipseLogger - Copying 0 resource
2017-07-18 12:04:46,734 [Worker-284] WARN  o.e.m.c.i.embedder.EclipseLogger - Using platform encoding (Cp1252 actually) to copy filtered resources, i.e. build is platform dependent!
2017-07-18 12:04:46,736 [Worker-284] INFO  o.e.m.c.i.embedder.EclipseLogger - Copying 0 resource
2017-07-18 12:07:09,808 [Worker-279] WARN  o.e.m.c.i.embedder.EclipseLogger - Using platform encoding (Cp1252 actually) to copy filtered resources, i.e. build is platform dependent!
2017-07-18 12:07:09,811 [Worker-279] INFO  o.e.m.c.i.embedder.EclipseLogger - Copying 0 resource
2017-07-18 12:07:09,813 [Worker-279] WARN  o.e.m.c.i.embedder.EclipseLogger - Using platform encoding (Cp1252 actually) to copy filtered resources, i.e. build is platform dependent!
2017-07-18 12:07:09,816 [Worker-279] INFO  o.e.m.c.i.embedder.EclipseLogger - Copying 0 resource
2017-07-18 12:08:55,827 [Worker-284] WARN  o.e.m.c.i.embedder.EclipseLogger - Using platform encoding (Cp1252 actually) to copy filtered resources, i.e. build is platform dependent!
2017-07-18 12:08:55,832 [Worker-284] INFO  o.e.m.c.i.embedder.EclipseLogger - Copying 0 resource
2017-07-18 12:08:55,835 [Worker-284] WARN  o.e.m.c.i.embedder.EclipseLogger - Using platform encoding (Cp1252 actually) to copy filtered resources, i.e. build is platform dependent!
2017-07-18 12:08:55,837 [Worker-284] INFO  o.e.m.c.i.embedder.EclipseLogger - Copying 0 resource
2017-07-18 12:11:00,470 [Worker-284] WARN  o.e.m.c.i.embedder.EclipseLogger - Using platform encoding (Cp1252 actually) to copy filtered resources, i.e. build is platform dependent!
2017-07-18 12:11:00,473 [Worker-284] INFO  o.e.m.c.i.embedder.EclipseLogger - Copying 0 resource
2017-07-18 12:11:00,475 [Worker-284] WARN  o.e.m.c.i.embedder.EclipseLogger - Using platform encoding (Cp1252 actually) to copy filtered resources, i.e. build is platform dependent!
2017-07-18 12:11:00,477 [Worker-284] INFO  o.e.m.c.i.embedder.EclipseLogger - Copying 0 resource
2017-07-18 12:17:04,465 [Worker-284] WARN  o.e.m.c.i.embedder.EclipseLogger - Using platform encoding (Cp1252 actually) to copy filtered resources, i.e. build is platform dependent!
2017-07-18 12:17:04,468 [Worker-284] INFO  o.e.m.c.i.embedder.EclipseLogger - Copying 0 resource
2017-07-18 12:17:04,470 [Worker-284] WARN  o.e.m.c.i.embedder.EclipseLogger - Using platform encoding (Cp1252 actually) to copy filtered resources, i.e. build is platform dependent!
2017-07-18 12:17:04,473 [Worker-284] INFO  o.e.m.c.i.embedder.EclipseLogger - Copying 0 resource
2017-07-18 12:18:14,142 [Worker-284] WARN  o.e.m.c.i.embedder.EclipseLogger - Using platform encoding (Cp1252 actually) to copy filtered resources, i.e. build is platform dependent!
2017-07-18 12:18:14,146 [Worker-284] INFO  o.e.m.c.i.embedder.EclipseLogger - Copying 0 resource
2017-07-18 12:18:14,148 [Worker-284] WARN  o.e.m.c.i.embedder.EclipseLogger - Using platform encoding (Cp1252 actually) to copy filtered resources, i.e. build is platform dependent!
2017-07-18 12:18:14,152 [Worker-284] INFO  o.e.m.c.i.embedder.EclipseLogger - Copying 0 resource
2017-07-18 12:19:33,426 [Worker-288] WARN  o.e.m.c.i.embedder.EclipseLogger - Using platform encoding (Cp1252 actually) to copy filtered resources, i.e. build is platform dependent!
2017-07-18 12:19:33,429 [Worker-288] INFO  o.e.m.c.i.embedder.EclipseLogger - Copying 0 resource
2017-07-18 12:19:33,432 [Worker-288] WARN  o.e.m.c.i.embedder.EclipseLogger - Using platform encoding (Cp1252 actually) to copy filtered resources, i.e. build is platform dependent!
2017-07-18 12:19:33,435 [Worker-288] INFO  o.e.m.c.i.embedder.EclipseLogger - Copying 0 resource
2017-07-18 12:19:40,462 [Worker-291] WARN  o.e.m.c.i.embedder.EclipseLogger - Using platform encoding (Cp1252 actually) to copy filtered resources, i.e. build is platform dependent!
2017-07-18 12:19:40,465 [Worker-291] INFO  o.e.m.c.i.embedder.EclipseLogger - Copying 0 resource
2017-07-18 12:19:40,470 [Worker-291] WARN  o.e.m.c.i.embedder.EclipseLogger - Using platform encoding (Cp1252 actually) to copy filtered resources, i.e. build is platform dependent!
2017-07-18 12:19:40,473 [Worker-291] INFO  o.e.m.c.i.embedder.EclipseLogger - Copying 0 resource
2017-07-18 12:21:47,546 [Worker-284] WARN  o.e.m.c.i.embedder.EclipseLogger - Using platform encoding (Cp1252 actually) to copy filtered resources, i.e. build is platform dependent!
2017-07-18 12:21:47,548 [Worker-284] INFO  o.e.m.c.i.embedder.EclipseLogger - Copying 0 resource
2017-07-18 12:21:47,550 [Worker-284] WARN  o.e.m.c.i.embedder.EclipseLogger - Using platform encoding (Cp1252 actually) to copy filtered resources, i.e. build is platform dependent!
2017-07-18 12:21:47,552 [Worker-284] INFO  o.e.m.c.i.embedder.EclipseLogger - Copying 0 resource
2017-07-18 12:23:12,014 [Worker-294] WARN  o.e.m.c.i.embedder.EclipseLogger - Using platform encoding (Cp1252 actually) to copy filtered resources, i.e. build is platform dependent!
2017-07-18 12:23:12,019 [Worker-294] INFO  o.e.m.c.i.embedder.EclipseLogger - Copying 0 resource
2017-07-18 12:23:12,021 [Worker-294] WARN  o.e.m.c.i.embedder.EclipseLogger - Using platform encoding (Cp1252 actually) to copy filtered resources, i.e. build is platform dependent!
2017-07-18 12:23:12,024 [Worker-294] INFO  o.e.m.c.i.embedder.EclipseLogger - Copying 0 resource
2017-07-18 12:24:31,062 [Worker-294] WARN  o.e.m.c.i.embedder.EclipseLogger - Using platform encoding (Cp1252 actually) to copy filtered resources, i.e. build is platform dependent!
2017-07-18 12:24:31,065 [Worker-294] INFO  o.e.m.c.i.embedder.EclipseLogger - Copying 0 resource
2017-07-18 12:24:31,066 [Worker-294] WARN  o.e.m.c.i.embedder.EclipseLogger - Using platform encoding (Cp1252 actually) to copy filtered resources, i.e. build is platform dependent!
2017-07-18 12:24:31,069 [Worker-294] INFO  o.e.m.c.i.embedder.EclipseLogger - Copying 0 resource
