2017-07-04 14:21:15,562 [Worker-73] INFO  o.e.m.c.i.e.AbstractTransferListenerAdapter - Downloaded http://download.java.net/maven/2/mysql/mysql-connector-java/5.1.6/mysql-connector-java-5.1.6.pom
2017-07-04 14:21:22,712 [Worker-73] INFO  o.e.m.c.i.e.AbstractTransferListenerAdapter - Downloading https://repo.maven.apache.org/maven2/mysql/mysql-connector-java/5.1.6/mysql-connector-java-5.1.6.pom
2017-07-04 14:21:23,200 [Worker-73] INFO  o.e.m.c.i.e.AbstractTransferListenerAdapter - Downloaded https://repo.maven.apache.org/maven2/mysql/mysql-connector-java/5.1.6/mysql-connector-java-5.1.6.pom
2017-07-04 14:21:25,608 [Worker-73] INFO  o.e.m.c.i.e.AbstractTransferListenerAdapter - Downloaded http://download.java.net/maven/2/mysql/mysql-connector-java/5.1.6/mysql-connector-java-5.1.6.jar
2017-07-04 14:21:26,026 [Worker-73] INFO  o.e.m.c.i.e.AbstractTransferListenerAdapter - Downloading https://repo.maven.apache.org/maven2/mysql/mysql-connector-java/5.1.6/mysql-connector-java-5.1.6.jar
2017-07-04 14:21:41,856 [Worker-73] INFO  o.e.m.c.i.e.AbstractTransferListenerAdapter - Downloaded https://repo.maven.apache.org/maven2/mysql/mysql-connector-java/5.1.6/mysql-connector-java-5.1.6.jar
2017-07-04 17:09:29,510 [Worker-139] INFO  o.e.m.c.i.e.AbstractTransferListenerAdapter - Downloaded http://download.java.net/maven/2/com/sun/jersey/jersey-json/1.8/jersey-json-1.8.pom
2017-07-04 17:09:31,997 [Worker-139] INFO  o.e.m.c.i.e.AbstractTransferListenerAdapter - Downloading https://repo.maven.apache.org/maven2/com/sun/jersey/jersey-json/1.8/jersey-json-1.8.pom
2017-07-04 17:09:32,673 [Worker-139] INFO  o.e.m.c.i.e.AbstractTransferListenerAdapter - Downloaded https://repo.maven.apache.org/maven2/com/sun/jersey/jersey-json/1.8/jersey-json-1.8.pom
2017-07-04 17:09:33,940 [Worker-139] INFO  o.e.m.c.i.e.AbstractTransferListenerAdapter - Downloaded http://download.java.net/maven/2/org/codehaus/jettison/jettison/1.1/jettison-1.1.pom
2017-07-04 17:09:34,419 [Worker-139] INFO  o.e.m.c.i.e.AbstractTransferListenerAdapter - Downloading https://repo.maven.apache.org/maven2/org/codehaus/jettison/jettison/1.1/jettison-1.1.pom
2017-07-04 17:09:34,953 [Worker-139] INFO  o.e.m.c.i.e.AbstractTransferListenerAdapter - Downloaded https://repo.maven.apache.org/maven2/org/codehaus/jettison/jettison/1.1/jettison-1.1.pom
2017-07-04 17:09:36,551 [Worker-139] INFO  o.e.m.c.i.e.AbstractTransferListenerAdapter - Downloaded http://download.java.net/maven/2/stax/stax-api/1.0.1/stax-api-1.0.1.pom
2017-07-04 17:09:37,131 [Worker-139] INFO  o.e.m.c.i.e.AbstractTransferListenerAdapter - Downloading https://repo.maven.apache.org/maven2/stax/stax-api/1.0.1/stax-api-1.0.1.pom
2017-07-04 17:09:37,721 [Worker-139] INFO  o.e.m.c.i.e.AbstractTransferListenerAdapter - Downloaded https://repo.maven.apache.org/maven2/stax/stax-api/1.0.1/stax-api-1.0.1.pom
2017-07-04 17:09:39,497 [Worker-139] INFO  o.e.m.c.i.e.AbstractTransferListenerAdapter - Downloaded http://download.java.net/maven/2/com/sun/xml/bind/jaxb-impl/2.2.3-1/jaxb-impl-2.2.3-1.pom
2017-07-04 17:09:40,113 [Worker-139] INFO  o.e.m.c.i.e.AbstractTransferListenerAdapter - Downloading https://repo.maven.apache.org/maven2/com/sun/xml/bind/jaxb-impl/2.2.3-1/jaxb-impl-2.2.3-1.pom
2017-07-04 17:09:40,580 [Worker-139] INFO  o.e.m.c.i.e.AbstractTransferListenerAdapter - Downloaded https://repo.maven.apache.org/maven2/com/sun/xml/bind/jaxb-impl/2.2.3-1/jaxb-impl-2.2.3-1.pom
2017-07-04 17:09:43,475 [Worker-139] INFO  o.e.m.c.i.e.AbstractTransferListenerAdapter - Downloaded http://download.java.net/maven/2/javax/xml/bind/jaxb-api/2.2.2/jaxb-api-2.2.2.pom
2017-07-04 17:09:44,069 [Worker-139] INFO  o.e.m.c.i.e.AbstractTransferListenerAdapter - Downloading https://repo.maven.apache.org/maven2/javax/xml/bind/jaxb-api/2.2.2/jaxb-api-2.2.2.pom
2017-07-04 17:09:44,630 [Worker-139] INFO  o.e.m.c.i.e.AbstractTransferListenerAdapter - Downloaded https://repo.maven.apache.org/maven2/javax/xml/bind/jaxb-api/2.2.2/jaxb-api-2.2.2.pom
2017-07-04 17:09:46,194 [Worker-139] INFO  o.e.m.c.i.e.AbstractTransferListenerAdapter - Downloaded http://download.java.net/maven/2/javax/xml/stream/stax-api/1.0-2/stax-api-1.0-2.pom
2017-07-04 17:09:46,667 [Worker-139] INFO  o.e.m.c.i.e.AbstractTransferListenerAdapter - Downloading https://repo.maven.apache.org/maven2/javax/xml/stream/stax-api/1.0-2/stax-api-1.0-2.pom
2017-07-04 17:09:47,194 [Worker-139] INFO  o.e.m.c.i.e.AbstractTransferListenerAdapter - Downloaded https://repo.maven.apache.org/maven2/javax/xml/stream/stax-api/1.0-2/stax-api-1.0-2.pom
2017-07-04 17:09:49,784 [Worker-139] INFO  o.e.m.c.i.e.AbstractTransferListenerAdapter - Downloaded http://download.java.net/maven/2/javax/activation/activation/1.1/activation-1.1.pom
2017-07-04 17:09:50,391 [Worker-139] INFO  o.e.m.c.i.e.AbstractTransferListenerAdapter - Downloading https://repo.maven.apache.org/maven2/javax/activation/activation/1.1/activation-1.1.pom
2017-07-04 17:09:50,937 [Worker-139] INFO  o.e.m.c.i.e.AbstractTransferListenerAdapter - Downloaded https://repo.maven.apache.org/maven2/javax/activation/activation/1.1/activation-1.1.pom
2017-07-04 17:09:53,441 [Worker-139] INFO  o.e.m.c.i.e.AbstractTransferListenerAdapter - Downloaded http://download.java.net/maven/2/org/codehaus/jackson/jackson-core-asl/1.7.1/jackson-core-asl-1.7.1.pom
2017-07-04 17:09:53,920 [Worker-139] INFO  o.e.m.c.i.e.AbstractTransferListenerAdapter - Downloading https://repo.maven.apache.org/maven2/org/codehaus/jackson/jackson-core-asl/1.7.1/jackson-core-asl-1.7.1.pom
2017-07-04 17:09:54,460 [Worker-139] INFO  o.e.m.c.i.e.AbstractTransferListenerAdapter - Downloaded https://repo.maven.apache.org/maven2/org/codehaus/jackson/jackson-core-asl/1.7.1/jackson-core-asl-1.7.1.pom
2017-07-04 17:09:56,062 [Worker-139] INFO  o.e.m.c.i.e.AbstractTransferListenerAdapter - Downloaded http://download.java.net/maven/2/org/codehaus/jackson/jackson-mapper-asl/1.7.1/jackson-mapper-asl-1.7.1.pom
2017-07-04 17:09:56,563 [Worker-139] INFO  o.e.m.c.i.e.AbstractTransferListenerAdapter - Downloading https://repo.maven.apache.org/maven2/org/codehaus/jackson/jackson-mapper-asl/1.7.1/jackson-mapper-asl-1.7.1.pom
2017-07-04 17:09:57,162 [Worker-139] INFO  o.e.m.c.i.e.AbstractTransferListenerAdapter - Downloaded https://repo.maven.apache.org/maven2/org/codehaus/jackson/jackson-mapper-asl/1.7.1/jackson-mapper-asl-1.7.1.pom
2017-07-04 17:10:00,402 [Worker-139] INFO  o.e.m.c.i.e.AbstractTransferListenerAdapter - Downloaded http://download.java.net/maven/2/org/codehaus/jackson/jackson-jaxrs/1.7.1/jackson-jaxrs-1.7.1.pom
2017-07-04 17:10:00,883 [Worker-139] INFO  o.e.m.c.i.e.AbstractTransferListenerAdapter - Downloading https://repo.maven.apache.org/maven2/org/codehaus/jackson/jackson-jaxrs/1.7.1/jackson-jaxrs-1.7.1.pom
2017-07-04 17:10:01,320 [Worker-139] INFO  o.e.m.c.i.e.AbstractTransferListenerAdapter - Downloaded https://repo.maven.apache.org/maven2/org/codehaus/jackson/jackson-jaxrs/1.7.1/jackson-jaxrs-1.7.1.pom
2017-07-04 17:10:02,728 [Worker-139] INFO  o.e.m.c.i.e.AbstractTransferListenerAdapter - Downloaded http://download.java.net/maven/2/org/codehaus/jackson/jackson-xc/1.7.1/jackson-xc-1.7.1.pom
2017-07-04 17:10:03,330 [Worker-139] INFO  o.e.m.c.i.e.AbstractTransferListenerAdapter - Downloading https://repo.maven.apache.org/maven2/org/codehaus/jackson/jackson-xc/1.7.1/jackson-xc-1.7.1.pom
2017-07-04 17:10:03,929 [Worker-139] INFO  o.e.m.c.i.e.AbstractTransferListenerAdapter - Downloaded https://repo.maven.apache.org/maven2/org/codehaus/jackson/jackson-xc/1.7.1/jackson-xc-1.7.1.pom
2017-07-04 17:10:06,186 [Worker-138] INFO  o.e.m.c.i.e.AbstractTransferListenerAdapter - Downloaded http://download.java.net/maven/2/com/sun/jersey/jersey-json/1.8/jersey-json-1.8.jar
2017-07-04 17:10:07,698 [Worker-138] INFO  o.e.m.c.i.e.AbstractTransferListenerAdapter - Downloaded http://download.java.net/maven/2/org/codehaus/jettison/jettison/1.1/jettison-1.1.jar
2017-07-04 17:10:09,623 [Worker-138] INFO  o.e.m.c.i.e.AbstractTransferListenerAdapter - Downloaded http://download.java.net/maven/2/stax/stax-api/1.0.1/stax-api-1.0.1.jar
2017-07-04 17:10:12,069 [Worker-138] INFO  o.e.m.c.i.e.AbstractTransferListenerAdapter - Downloaded http://download.java.net/maven/2/com/sun/xml/bind/jaxb-impl/2.2.3-1/jaxb-impl-2.2.3-1.jar
2017-07-04 17:10:14,729 [Worker-138] INFO  o.e.m.c.i.e.AbstractTransferListenerAdapter - Downloaded http://download.java.net/maven/2/javax/xml/bind/jaxb-api/2.2.2/jaxb-api-2.2.2.jar
2017-07-04 17:10:16,560 [Worker-138] INFO  o.e.m.c.i.e.AbstractTransferListenerAdapter - Downloaded http://download.java.net/maven/2/javax/xml/stream/stax-api/1.0-2/stax-api-1.0-2.jar
2017-07-04 17:10:18,037 [Worker-138] INFO  o.e.m.c.i.e.AbstractTransferListenerAdapter - Downloaded http://download.java.net/maven/2/javax/activation/activation/1.1/activation-1.1.jar
2017-07-04 17:10:20,615 [Worker-138] INFO  o.e.m.c.i.e.AbstractTransferListenerAdapter - Downloaded http://download.java.net/maven/2/org/codehaus/jackson/jackson-core-asl/1.7.1/jackson-core-asl-1.7.1.jar
2017-07-04 17:10:22,441 [Worker-138] INFO  o.e.m.c.i.e.AbstractTransferListenerAdapter - Downloaded http://download.java.net/maven/2/org/codehaus/jackson/jackson-mapper-asl/1.7.1/jackson-mapper-asl-1.7.1.jar
2017-07-04 17:10:24,951 [Worker-138] INFO  o.e.m.c.i.e.AbstractTransferListenerAdapter - Downloaded http://download.java.net/maven/2/org/codehaus/jackson/jackson-jaxrs/1.7.1/jackson-jaxrs-1.7.1.jar
2017-07-04 17:10:27,357 [Worker-138] INFO  o.e.m.c.i.e.AbstractTransferListenerAdapter - Downloaded http://download.java.net/maven/2/org/codehaus/jackson/jackson-xc/1.7.1/jackson-xc-1.7.1.jar
2017-07-04 17:10:27,816 [Worker-138] INFO  o.e.m.c.i.e.AbstractTransferListenerAdapter - Downloading https://repo.maven.apache.org/maven2/com/sun/jersey/jersey-json/1.8/jersey-json-1.8.jar
2017-07-04 17:10:29,634 [Worker-138] INFO  o.e.m.c.i.e.AbstractTransferListenerAdapter - Downloaded https://repo.maven.apache.org/maven2/com/sun/jersey/jersey-json/1.8/jersey-json-1.8.jar
2017-07-04 17:10:30,104 [Worker-138] INFO  o.e.m.c.i.e.AbstractTransferListenerAdapter - Downloading https://repo.maven.apache.org/maven2/org/codehaus/jettison/jettison/1.1/jettison-1.1.jar
2017-07-04 17:10:30,988 [Worker-138] INFO  o.e.m.c.i.e.AbstractTransferListenerAdapter - Downloaded https://repo.maven.apache.org/maven2/org/codehaus/jettison/jettison/1.1/jettison-1.1.jar
2017-07-04 17:10:31,517 [Worker-138] INFO  o.e.m.c.i.e.AbstractTransferListenerAdapter - Downloading https://repo.maven.apache.org/maven2/stax/stax-api/1.0.1/stax-api-1.0.1.jar
2017-07-04 17:10:32,094 [Worker-138] INFO  o.e.m.c.i.e.AbstractTransferListenerAdapter - Downloaded https://repo.maven.apache.org/maven2/stax/stax-api/1.0.1/stax-api-1.0.1.jar
2017-07-04 17:10:32,775 [Worker-138] INFO  o.e.m.c.i.e.AbstractTransferListenerAdapter - Downloading https://repo.maven.apache.org/maven2/com/sun/xml/bind/jaxb-impl/2.2.3-1/jaxb-impl-2.2.3-1.jar
2017-07-04 17:10:38,055 [Worker-138] INFO  o.e.m.c.i.e.AbstractTransferListenerAdapter - Downloaded https://repo.maven.apache.org/maven2/com/sun/xml/bind/jaxb-impl/2.2.3-1/jaxb-impl-2.2.3-1.jar
2017-07-04 17:10:38,596 [Worker-138] INFO  o.e.m.c.i.e.AbstractTransferListenerAdapter - Downloading https://repo.maven.apache.org/maven2/javax/xml/bind/jaxb-api/2.2.2/jaxb-api-2.2.2.jar
2017-07-04 17:10:39,379 [Worker-138] INFO  o.e.m.c.i.e.AbstractTransferListenerAdapter - Downloaded https://repo.maven.apache.org/maven2/javax/xml/bind/jaxb-api/2.2.2/jaxb-api-2.2.2.jar
2017-07-04 17:10:39,881 [Worker-138] INFO  o.e.m.c.i.e.AbstractTransferListenerAdapter - Downloading https://repo.maven.apache.org/maven2/javax/xml/stream/stax-api/1.0-2/stax-api-1.0-2.jar
2017-07-04 17:10:40,401 [Worker-138] INFO  o.e.m.c.i.e.AbstractTransferListenerAdapter - Downloaded https://repo.maven.apache.org/maven2/javax/xml/stream/stax-api/1.0-2/stax-api-1.0-2.jar
2017-07-04 17:10:40,780 [Worker-138] INFO  o.e.m.c.i.e.AbstractTransferListenerAdapter - Downloading https://repo.maven.apache.org/maven2/javax/activation/activation/1.1/activation-1.1.jar
2017-07-04 17:10:41,313 [Worker-138] INFO  o.e.m.c.i.e.AbstractTransferListenerAdapter - Downloaded https://repo.maven.apache.org/maven2/javax/activation/activation/1.1/activation-1.1.jar
2017-07-04 17:10:41,809 [Worker-138] INFO  o.e.m.c.i.e.AbstractTransferListenerAdapter - Downloading https://repo.maven.apache.org/maven2/org/codehaus/jackson/jackson-core-asl/1.7.1/jackson-core-asl-1.7.1.jar
2017-07-04 17:10:43,433 [Worker-138] INFO  o.e.m.c.i.e.AbstractTransferListenerAdapter - Downloaded https://repo.maven.apache.org/maven2/org/codehaus/jackson/jackson-core-asl/1.7.1/jackson-core-asl-1.7.1.jar
2017-07-04 17:10:44,043 [Worker-138] INFO  o.e.m.c.i.e.AbstractTransferListenerAdapter - Downloading https://repo.maven.apache.org/maven2/org/codehaus/jackson/jackson-mapper-asl/1.7.1/jackson-mapper-asl-1.7.1.jar
2017-07-04 17:10:47,445 [Worker-138] INFO  o.e.m.c.i.e.AbstractTransferListenerAdapter - Downloaded https://repo.maven.apache.org/maven2/org/codehaus/jackson/jackson-mapper-asl/1.7.1/jackson-mapper-asl-1.7.1.jar
2017-07-04 17:10:48,250 [Worker-138] INFO  o.e.m.c.i.e.AbstractTransferListenerAdapter - Downloading https://repo.maven.apache.org/maven2/org/codehaus/jackson/jackson-jaxrs/1.7.1/jackson-jaxrs-1.7.1.jar
2017-07-04 17:10:48,768 [Worker-138] INFO  o.e.m.c.i.e.AbstractTransferListenerAdapter - Downloaded https://repo.maven.apache.org/maven2/org/codehaus/jackson/jackson-jaxrs/1.7.1/jackson-jaxrs-1.7.1.jar
2017-07-04 17:10:49,306 [Worker-138] INFO  o.e.m.c.i.e.AbstractTransferListenerAdapter - Downloading https://repo.maven.apache.org/maven2/org/codehaus/jackson/jackson-xc/1.7.1/jackson-xc-1.7.1.jar
2017-07-04 17:10:49,827 [Worker-138] INFO  o.e.m.c.i.e.AbstractTransferListenerAdapter - Downloaded https://repo.maven.apache.org/maven2/org/codehaus/jackson/jackson-xc/1.7.1/jackson-xc-1.7.1.jar
2017-07-04 17:14:48,761 [Worker-147] INFO  o.e.m.c.i.e.AbstractTransferListenerAdapter - Downloaded http://download.java.net/maven/2/com/fasterxml/jackson/jaxrs/jackson-jaxrs-json-provider/2.3.0/jackson-jaxrs-json-provider-2.3.0.pom
2017-07-04 17:14:49,040 [Worker-147] INFO  o.e.m.c.i.e.AbstractTransferListenerAdapter - Downloading https://repo.maven.apache.org/maven2/com/fasterxml/jackson/jaxrs/jackson-jaxrs-json-provider/2.3.0/jackson-jaxrs-json-provider-2.3.0.pom
2017-07-04 17:14:49,329 [Worker-147] INFO  o.e.m.c.i.e.AbstractTransferListenerAdapter - Downloaded https://repo.maven.apache.org/maven2/com/fasterxml/jackson/jaxrs/jackson-jaxrs-json-provider/2.3.0/jackson-jaxrs-json-provider-2.3.0.pom
2017-07-04 17:14:50,454 [Worker-147] INFO  o.e.m.c.i.e.AbstractTransferListenerAdapter - Downloaded http://download.java.net/maven/2/com/fasterxml/jackson/jaxrs/jackson-jaxrs-providers/2.3.0/jackson-jaxrs-providers-2.3.0.pom
2017-07-04 17:14:50,728 [Worker-147] INFO  o.e.m.c.i.e.AbstractTransferListenerAdapter - Downloading https://repo.maven.apache.org/maven2/com/fasterxml/jackson/jaxrs/jackson-jaxrs-providers/2.3.0/jackson-jaxrs-providers-2.3.0.pom
2017-07-04 17:14:51,001 [Worker-147] INFO  o.e.m.c.i.e.AbstractTransferListenerAdapter - Downloaded https://repo.maven.apache.org/maven2/com/fasterxml/jackson/jaxrs/jackson-jaxrs-providers/2.3.0/jackson-jaxrs-providers-2.3.0.pom
2017-07-04 17:14:52,839 [Worker-147] INFO  o.e.m.c.i.e.AbstractTransferListenerAdapter - Downloaded http://download.java.net/maven/2/com/fasterxml/oss-parent/11/oss-parent-11.pom
2017-07-04 17:14:53,112 [Worker-147] INFO  o.e.m.c.i.e.AbstractTransferListenerAdapter - Downloading https://repo.maven.apache.org/maven2/com/fasterxml/oss-parent/11/oss-parent-11.pom
2017-07-04 17:14:53,459 [Worker-147] INFO  o.e.m.c.i.e.AbstractTransferListenerAdapter - Downloaded https://repo.maven.apache.org/maven2/com/fasterxml/oss-parent/11/oss-parent-11.pom
2017-07-04 17:14:55,161 [Worker-147] INFO  o.e.m.c.i.e.AbstractTransferListenerAdapter - Downloaded http://download.java.net/maven/2/com/fasterxml/jackson/jaxrs/jackson-jaxrs-base/2.3.0/jackson-jaxrs-base-2.3.0.pom
2017-07-04 17:14:55,443 [Worker-147] INFO  o.e.m.c.i.e.AbstractTransferListenerAdapter - Downloading https://repo.maven.apache.org/maven2/com/fasterxml/jackson/jaxrs/jackson-jaxrs-base/2.3.0/jackson-jaxrs-base-2.3.0.pom
2017-07-04 17:14:55,741 [Worker-147] INFO  o.e.m.c.i.e.AbstractTransferListenerAdapter - Downloaded https://repo.maven.apache.org/maven2/com/fasterxml/jackson/jaxrs/jackson-jaxrs-base/2.3.0/jackson-jaxrs-base-2.3.0.pom
2017-07-04 17:14:56,891 [Worker-144] INFO  o.e.m.c.i.e.AbstractTransferListenerAdapter - Downloaded http://download.java.net/maven/2/com/fasterxml/jackson/core/jackson-core/2.3.0/jackson-core-2.3.0.pom
2017-07-04 17:14:57,173 [Worker-144] INFO  o.e.m.c.i.e.AbstractTransferListenerAdapter - Downloading https://repo.maven.apache.org/maven2/com/fasterxml/jackson/core/jackson-core/2.3.0/jackson-core-2.3.0.pom
2017-07-04 17:14:57,461 [Worker-144] INFO  o.e.m.c.i.e.AbstractTransferListenerAdapter - Downloaded https://repo.maven.apache.org/maven2/com/fasterxml/jackson/core/jackson-core/2.3.0/jackson-core-2.3.0.pom
2017-07-04 17:14:59,287 [Worker-144] INFO  o.e.m.c.i.e.AbstractTransferListenerAdapter - Downloaded http://download.java.net/maven/2/com/fasterxml/jackson/core/jackson-databind/2.3.0/jackson-databind-2.3.0.pom
2017-07-04 17:14:59,571 [Worker-144] INFO  o.e.m.c.i.e.AbstractTransferListenerAdapter - Downloading https://repo.maven.apache.org/maven2/com/fasterxml/jackson/core/jackson-databind/2.3.0/jackson-databind-2.3.0.pom
2017-07-04 17:14:59,865 [Worker-144] INFO  o.e.m.c.i.e.AbstractTransferListenerAdapter - Downloaded https://repo.maven.apache.org/maven2/com/fasterxml/jackson/core/jackson-databind/2.3.0/jackson-databind-2.3.0.pom
2017-07-04 17:15:01,903 [Worker-144] INFO  o.e.m.c.i.e.AbstractTransferListenerAdapter - Downloaded http://download.java.net/maven/2/com/fasterxml/jackson/core/jackson-annotations/2.3.0/jackson-annotations-2.3.0.pom
2017-07-04 17:15:02,188 [Worker-144] INFO  o.e.m.c.i.e.AbstractTransferListenerAdapter - Downloading https://repo.maven.apache.org/maven2/com/fasterxml/jackson/core/jackson-annotations/2.3.0/jackson-annotations-2.3.0.pom
2017-07-04 17:15:02,518 [Worker-144] INFO  o.e.m.c.i.e.AbstractTransferListenerAdapter - Downloaded https://repo.maven.apache.org/maven2/com/fasterxml/jackson/core/jackson-annotations/2.3.0/jackson-annotations-2.3.0.pom
2017-07-04 17:15:04,820 [Worker-144] INFO  o.e.m.c.i.e.AbstractTransferListenerAdapter - Downloaded http://download.java.net/maven/2/com/fasterxml/jackson/module/jackson-module-jaxb-annotations/2.3.0/jackson-module-jaxb-annotations-2.3.0.pom
2017-07-04 17:15:05,097 [Worker-144] INFO  o.e.m.c.i.e.AbstractTransferListenerAdapter - Downloading https://repo.maven.apache.org/maven2/com/fasterxml/jackson/module/jackson-module-jaxb-annotations/2.3.0/jackson-module-jaxb-annotations-2.3.0.pom
2017-07-04 17:15:05,378 [Worker-144] INFO  o.e.m.c.i.e.AbstractTransferListenerAdapter - Downloaded https://repo.maven.apache.org/maven2/com/fasterxml/jackson/module/jackson-module-jaxb-annotations/2.3.0/jackson-module-jaxb-annotations-2.3.0.pom
2017-07-04 17:15:07,533 [Worker-144] INFO  o.e.m.c.i.e.AbstractTransferListenerAdapter - Downloaded http://download.java.net/maven/2/com/fasterxml/jackson/jaxrs/jackson-jaxrs-json-provider/2.3.0/jackson-jaxrs-json-provider-2.3.0.jar
2017-07-04 17:15:09,268 [Worker-144] INFO  o.e.m.c.i.e.AbstractTransferListenerAdapter - Downloaded http://download.java.net/maven/2/com/fasterxml/jackson/jaxrs/jackson-jaxrs-base/2.3.0/jackson-jaxrs-base-2.3.0.jar
2017-07-04 17:15:10,078 [Worker-144] INFO  o.e.m.c.i.e.AbstractTransferListenerAdapter - Downloaded http://download.java.net/maven/2/com/fasterxml/jackson/core/jackson-core/2.3.0/jackson-core-2.3.0.jar
2017-07-04 17:15:11,893 [Worker-144] INFO  o.e.m.c.i.e.AbstractTransferListenerAdapter - Downloaded http://download.java.net/maven/2/com/fasterxml/jackson/core/jackson-databind/2.3.0/jackson-databind-2.3.0.jar
2017-07-04 17:15:13,675 [Worker-144] INFO  o.e.m.c.i.e.AbstractTransferListenerAdapter - Downloaded http://download.java.net/maven/2/com/fasterxml/jackson/core/jackson-annotations/2.3.0/jackson-annotations-2.3.0.jar
2017-07-04 17:15:15,921 [Worker-144] INFO  o.e.m.c.i.e.AbstractTransferListenerAdapter - Downloaded http://download.java.net/maven/2/com/fasterxml/jackson/module/jackson-module-jaxb-annotations/2.3.0/jackson-module-jaxb-annotations-2.3.0.jar
2017-07-04 17:15:16,205 [Worker-144] INFO  o.e.m.c.i.e.AbstractTransferListenerAdapter - Downloading https://repo.maven.apache.org/maven2/com/fasterxml/jackson/jaxrs/jackson-jaxrs-json-provider/2.3.0/jackson-jaxrs-json-provider-2.3.0.jar
2017-07-04 17:15:16,583 [Worker-144] INFO  o.e.m.c.i.e.AbstractTransferListenerAdapter - Downloaded https://repo.maven.apache.org/maven2/com/fasterxml/jackson/jaxrs/jackson-jaxrs-json-provider/2.3.0/jackson-jaxrs-json-provider-2.3.0.jar
2017-07-04 17:15:16,848 [Worker-144] INFO  o.e.m.c.i.e.AbstractTransferListenerAdapter - Downloading https://repo.maven.apache.org/maven2/com/fasterxml/jackson/jaxrs/jackson-jaxrs-base/2.3.0/jackson-jaxrs-base-2.3.0.jar
2017-07-04 17:15:17,219 [Worker-144] INFO  o.e.m.c.i.e.AbstractTransferListenerAdapter - Downloaded https://repo.maven.apache.org/maven2/com/fasterxml/jackson/jaxrs/jackson-jaxrs-base/2.3.0/jackson-jaxrs-base-2.3.0.jar
2017-07-04 17:15:17,592 [Worker-144] INFO  o.e.m.c.i.e.AbstractTransferListenerAdapter - Downloading https://repo.maven.apache.org/maven2/com/fasterxml/jackson/core/jackson-core/2.3.0/jackson-core-2.3.0.jar
2017-07-04 17:15:19,102 [Worker-144] INFO  o.e.m.c.i.e.AbstractTransferListenerAdapter - Downloaded https://repo.maven.apache.org/maven2/com/fasterxml/jackson/core/jackson-core/2.3.0/jackson-core-2.3.0.jar
2017-07-04 17:15:19,391 [Worker-144] INFO  o.e.m.c.i.e.AbstractTransferListenerAdapter - Downloading https://repo.maven.apache.org/maven2/com/fasterxml/jackson/core/jackson-databind/2.3.0/jackson-databind-2.3.0.jar
2017-07-04 17:15:25,241 [Worker-144] INFO  o.e.m.c.i.e.AbstractTransferListenerAdapter - Downloaded https://repo.maven.apache.org/maven2/com/fasterxml/jackson/core/jackson-databind/2.3.0/jackson-databind-2.3.0.jar
2017-07-04 17:15:25,506 [Worker-144] INFO  o.e.m.c.i.e.AbstractTransferListenerAdapter - Downloading https://repo.maven.apache.org/maven2/com/fasterxml/jackson/core/jackson-annotations/2.3.0/jackson-annotations-2.3.0.jar
2017-07-04 17:15:25,930 [Worker-144] INFO  o.e.m.c.i.e.AbstractTransferListenerAdapter - Downloaded https://repo.maven.apache.org/maven2/com/fasterxml/jackson/core/jackson-annotations/2.3.0/jackson-annotations-2.3.0.jar
2017-07-04 17:15:26,227 [Worker-144] INFO  o.e.m.c.i.e.AbstractTransferListenerAdapter - Downloading https://repo.maven.apache.org/maven2/com/fasterxml/jackson/module/jackson-module-jaxb-annotations/2.3.0/jackson-module-jaxb-annotations-2.3.0.jar
2017-07-04 17:15:26,610 [Worker-144] INFO  o.e.m.c.i.e.AbstractTransferListenerAdapter - Downloaded https://repo.maven.apache.org/maven2/com/fasterxml/jackson/module/jackson-module-jaxb-annotations/2.3.0/jackson-module-jaxb-annotations-2.3.0.jar
2017-07-04 17:27:33,644 [Worker-150] INFO  o.e.m.c.i.e.AbstractTransferListenerAdapter - Downloaded http://download.java.net/maven/2/javax/servlet/jersey-json/1.8/jersey-json-1.8.pom
2017-07-04 17:27:35,317 [Worker-150] INFO  o.e.m.c.i.e.AbstractTransferListenerAdapter - Downloaded https://repo.maven.apache.org/maven2/javax/servlet/jersey-json/1.8/jersey-json-1.8.pom
2017-07-04 17:27:35,331 [Worker-150] WARN  o.e.m.c.i.embedder.EclipseLogger - The POM for javax.servlet:jersey-json:jar:1.8 is missing, no dependency information available
2017-07-04 17:27:36,560 [Worker-150] INFO  o.e.m.c.i.e.AbstractTransferListenerAdapter - Downloaded http://download.java.net/maven/2/javax/servlet/jersey-json/1.8/jersey-json-1.8.jar
2017-07-04 17:27:37,759 [Worker-150] INFO  o.e.m.c.i.e.AbstractTransferListenerAdapter - Downloaded https://repo.maven.apache.org/maven2/javax/servlet/jersey-json/1.8/jersey-json-1.8.jar
2017-07-04 17:27:37,967 [Worker-150] WARN  o.e.m.c.i.embedder.EclipseLogger - The POM for javax.servlet:jersey-json:jar:1.8 is missing, no dependency information available
2017-07-04 17:27:48,456 [Worker-149] INFO  o.e.m.c.i.e.AbstractTransferListenerAdapter - Downloaded http://download.java.net/maven/2/javax/servlet/servlet-api/1.8/servlet-api-1.8.pom
2017-07-04 17:27:49,598 [Worker-149] INFO  o.e.m.c.i.e.AbstractTransferListenerAdapter - Downloaded https://repo.maven.apache.org/maven2/javax/servlet/servlet-api/1.8/servlet-api-1.8.pom
2017-07-04 17:27:49,608 [Worker-149] WARN  o.e.m.c.i.embedder.EclipseLogger - The POM for javax.servlet:servlet-api:jar:1.8 is missing, no dependency information available
2017-07-04 17:27:51,334 [Worker-149] INFO  o.e.m.c.i.e.AbstractTransferListenerAdapter - Downloaded http://download.java.net/maven/2/javax/servlet/servlet-api/1.8/servlet-api-1.8.jar
2017-07-04 17:27:52,667 [Worker-149] INFO  o.e.m.c.i.e.AbstractTransferListenerAdapter - Downloaded https://repo.maven.apache.org/maven2/javax/servlet/servlet-api/1.8/servlet-api-1.8.jar
2017-07-04 17:27:52,991 [Worker-149] WARN  o.e.m.c.i.embedder.EclipseLogger - The POM for javax.servlet:servlet-api:jar:1.8 is missing, no dependency information available
2017-07-04 17:27:56,260 [Worker-155] INFO  o.e.m.c.i.e.AbstractTransferListenerAdapter - Downloaded http://download.java.net/maven/2/javax/servlet/servlet-api/2.5/servlet-api-2.5.pom
2017-07-04 17:27:57,342 [Worker-155] INFO  o.e.m.c.i.e.AbstractTransferListenerAdapter - Downloading https://repo.maven.apache.org/maven2/javax/servlet/servlet-api/2.5/servlet-api-2.5.pom
2017-07-04 17:27:57,616 [Worker-155] INFO  o.e.m.c.i.e.AbstractTransferListenerAdapter - Downloaded https://repo.maven.apache.org/maven2/javax/servlet/servlet-api/2.5/servlet-api-2.5.pom
2017-07-04 17:27:58,504 [Worker-155] INFO  o.e.m.c.i.e.AbstractTransferListenerAdapter - Downloaded http://download.java.net/maven/2/javax/servlet/servlet-api/2.5/servlet-api-2.5.jar
2017-07-04 17:27:58,782 [Worker-155] INFO  o.e.m.c.i.e.AbstractTransferListenerAdapter - Downloading https://repo.maven.apache.org/maven2/javax/servlet/servlet-api/2.5/servlet-api-2.5.jar
2017-07-04 17:27:59,854 [Worker-155] INFO  o.e.m.c.i.e.AbstractTransferListenerAdapter - Downloaded https://repo.maven.apache.org/maven2/javax/servlet/servlet-api/2.5/servlet-api-2.5.jar
2017-07-04 17:30:16,139 [Worker-149] INFO  o.e.m.c.i.e.AbstractTransferListenerAdapter - Downloaded http://download.java.net/maven/2/com/owlike/genson/1.4/genson-1.4.pom
2017-07-04 17:30:16,428 [Worker-149] INFO  o.e.m.c.i.e.AbstractTransferListenerAdapter - Downloading https://repo.maven.apache.org/maven2/com/owlike/genson/1.4/genson-1.4.pom
2017-07-04 17:30:16,822 [Worker-149] INFO  o.e.m.c.i.e.AbstractTransferListenerAdapter - Downloaded https://repo.maven.apache.org/maven2/com/owlike/genson/1.4/genson-1.4.pom
2017-07-04 17:30:18,693 [Worker-149] INFO  o.e.m.c.i.e.AbstractTransferListenerAdapter - Downloaded http://download.java.net/maven/2/com/owlike/genson-parent/1.4/genson-parent-1.4.pom
2017-07-04 17:30:18,962 [Worker-149] INFO  o.e.m.c.i.e.AbstractTransferListenerAdapter - Downloading https://repo.maven.apache.org/maven2/com/owlike/genson-parent/1.4/genson-parent-1.4.pom
2017-07-04 17:30:19,250 [Worker-149] INFO  o.e.m.c.i.e.AbstractTransferListenerAdapter - Downloaded https://repo.maven.apache.org/maven2/com/owlike/genson-parent/1.4/genson-parent-1.4.pom
2017-07-04 17:30:21,307 [Worker-149] INFO  o.e.m.c.i.e.AbstractTransferListenerAdapter - Downloaded http://download.java.net/maven/2/org/sonatype/oss/oss-parent/7/oss-parent-7.pom
2017-07-04 17:30:21,582 [Worker-149] INFO  o.e.m.c.i.e.AbstractTransferListenerAdapter - Downloading https://repo.maven.apache.org/maven2/org/sonatype/oss/oss-parent/7/oss-parent-7.pom
2017-07-04 17:30:21,877 [Worker-149] INFO  o.e.m.c.i.e.AbstractTransferListenerAdapter - Downloaded https://repo.maven.apache.org/maven2/org/sonatype/oss/oss-parent/7/oss-parent-7.pom
2017-07-04 17:30:24,306 [Worker-149] INFO  o.e.m.c.i.e.AbstractTransferListenerAdapter - Downloaded http://download.java.net/maven/2/com/owlike/genson/1.4/genson-1.4.jar
2017-07-04 17:30:24,579 [Worker-149] INFO  o.e.m.c.i.e.AbstractTransferListenerAdapter - Downloading https://repo.maven.apache.org/maven2/com/owlike/genson/1.4/genson-1.4.jar
2017-07-04 17:30:26,296 [Worker-149] INFO  o.e.m.c.i.e.AbstractTransferListenerAdapter - Downloaded https://repo.maven.apache.org/maven2/com/owlike/genson/1.4/genson-1.4.jar
